This file contains any messages produced by compilers while
running configure, to aid debugging if configure makes a mistake.

It was created by gc configure 8.0.0, which was
generated by GNU Autoconf 2.69.  Invocation command line was

  $ ./configure --prefix=/home/swapnilh/Immutable-Datastructure-c++/boehmgc/gc-8.0.0/build --disable-threads

## --------- ##
## Platform. ##
## --------- ##

hostname = JF1121-080217T
uname -m = x86_64
uname -r = 4.15.6-300.fc27.x86_64
uname -s = Linux
uname -v = #1 SMP Mon Feb 26 18:43:03 UTC 2018

/usr/bin/uname -p = x86_64
/bin/uname -X     = unknown

/bin/arch              = x86_64
/usr/bin/arch -k       = unknown
/usr/convex/getsysinfo = unknown
/usr/bin/hostinfo      = unknown
/bin/machine           = unknown
/usr/bin/oslevel       = unknown
/bin/universe          = unknown

PATH: /usr/local/sbin
PATH: /usr/local/bin
PATH: /usr/sbin
PATH: /usr/bin
PATH: /root/bin
PATH: /home/swapnilh/persistence_inspector/inspector_2018.0.0.526832/bin64/


## ----------- ##
## Core tests. ##
## ----------- ##

configure:2537: checking build system type
configure:2551: result: x86_64-unknown-linux-gnu
configure:2571: checking host system type
configure:2584: result: x86_64-unknown-linux-gnu
configure:2604: checking target system type
configure:2617: result: x86_64-unknown-linux-gnu
configure:2645: checking GC version numbers
configure:2676: result: major=8 minor=0                 micro=0
configure:2696: checking for a BSD-compatible install
configure:2764: result: /usr/bin/install -c
configure:2775: checking whether build environment is sane
configure:2830: result: yes
configure:2981: checking for a thread-safe mkdir -p
configure:3020: result: /usr/bin/mkdir -p
configure:3027: checking for gawk
configure:3043: found /usr/bin/gawk
configure:3054: result: gawk
configure:3065: checking whether make sets $(MAKE)
configure:3087: result: yes
configure:3116: checking whether make supports nested variables
configure:3133: result: yes
configure:3262: checking whether to enable maintainer-specific portions of Makefiles
configure:3271: result: no
configure:3300: checking for style of include used by make
configure:3328: result: GNU
configure:3399: checking for gcc
configure:3415: found /usr/bin/gcc
configure:3426: result: gcc
configure:3655: checking for C compiler version
configure:3664: gcc --version >&5
gcc (GCC) 7.3.1 20180712 (Red Hat 7.3.1-6)
Copyright (C) 2017 Free Software Foundation, Inc.
This is free software; see the source for copying conditions.  There is NO
warranty; not even for MERCHANTABILITY or FITNESS FOR A PARTICULAR PURPOSE.

configure:3675: $? = 0
configure:3664: gcc -v >&5
Using built-in specs.
COLLECT_GCC=gcc
COLLECT_LTO_WRAPPER=/usr/libexec/gcc/x86_64-redhat-linux/7/lto-wrapper
OFFLOAD_TARGET_NAMES=nvptx-none
OFFLOAD_TARGET_DEFAULT=1
Target: x86_64-redhat-linux
Configured with: ../configure --enable-bootstrap --enable-languages=c,c++,objc,obj-c++,fortran,ada,go,lto --prefix=/usr --mandir=/usr/share/man --infodir=/usr/share/info --with-bugurl=http://bugzilla.redhat.com/bugzilla --enable-shared --enable-threads=posix --enable-checking=release --enable-multilib --with-system-zlib --enable-__cxa_atexit --disable-libunwind-exceptions --enable-gnu-unique-object --enable-linker-build-id --with-gcc-major-version-only --with-linker-hash-style=gnu --enable-plugin --enable-initfini-array --with-isl --enable-libmpx --enable-offload-targets=nvptx-none --without-cuda-driver --enable-gnu-indirect-function --with-tune=generic --with-arch_32=i686 --build=x86_64-redhat-linux
Thread model: posix
gcc version 7.3.1 20180712 (Red Hat 7.3.1-6) (GCC) 
configure:3675: $? = 0
configure:3664: gcc -V >&5
gcc: error: unrecognized command line option '-V'
gcc: fatal error: no input files
compilation terminated.
configure:3675: $? = 1
configure:3664: gcc -qversion >&5
gcc: error: unrecognized command line option '-qversion'; did you mean '--version'?
gcc: fatal error: no input files
compilation terminated.
configure:3675: $? = 1
configure:3695: checking whether the C compiler works
configure:3717: gcc    conftest.c  >&5
configure:3721: $? = 0
configure:3769: result: yes
configure:3772: checking for C compiler default output file name
configure:3774: result: a.out
configure:3780: checking for suffix of executables
configure:3787: gcc -o conftest    conftest.c  >&5
configure:3791: $? = 0
configure:3813: result: 
configure:3835: checking whether we are cross compiling
configure:3843: gcc -o conftest    conftest.c  >&5
configure:3847: $? = 0
configure:3854: ./conftest
configure:3858: $? = 0
configure:3873: result: no
configure:3878: checking for suffix of object files
configure:3900: gcc -c   conftest.c >&5
configure:3904: $? = 0
configure:3925: result: o
configure:3929: checking whether we are using the GNU C compiler
configure:3948: gcc -c   conftest.c >&5
configure:3948: $? = 0
configure:3957: result: yes
configure:3966: checking whether gcc accepts -g
configure:3986: gcc -c -g  conftest.c >&5
configure:3986: $? = 0
configure:4027: result: yes
configure:4044: checking for gcc option to accept ISO C89
configure:4107: gcc  -c -g -O2  conftest.c >&5
configure:4107: $? = 0
configure:4120: result: none needed
configure:4145: checking whether gcc understands -c and -o together
configure:4167: gcc -c conftest.c -o conftest2.o
configure:4170: $? = 0
configure:4167: gcc -c conftest.c -o conftest2.o
configure:4170: $? = 0
configure:4182: result: yes
configure:4201: checking dependency style of gcc
configure:4312: result: gcc3
configure:4386: checking for g++
configure:4402: found /usr/bin/g++
configure:4413: result: g++
configure:4440: checking for C++ compiler version
configure:4449: g++ --version >&5
g++ (GCC) 7.3.1 20180712 (Red Hat 7.3.1-6)
Copyright (C) 2017 Free Software Foundation, Inc.
This is free software; see the source for copying conditions.  There is NO
warranty; not even for MERCHANTABILITY or FITNESS FOR A PARTICULAR PURPOSE.

configure:4460: $? = 0
configure:4449: g++ -v >&5
Using built-in specs.
COLLECT_GCC=g++
COLLECT_LTO_WRAPPER=/usr/libexec/gcc/x86_64-redhat-linux/7/lto-wrapper
OFFLOAD_TARGET_NAMES=nvptx-none
OFFLOAD_TARGET_DEFAULT=1
Target: x86_64-redhat-linux
Configured with: ../configure --enable-bootstrap --enable-languages=c,c++,objc,obj-c++,fortran,ada,go,lto --prefix=/usr --mandir=/usr/share/man --infodir=/usr/share/info --with-bugurl=http://bugzilla.redhat.com/bugzilla --enable-shared --enable-threads=posix --enable-checking=release --enable-multilib --with-system-zlib --enable-__cxa_atexit --disable-libunwind-exceptions --enable-gnu-unique-object --enable-linker-build-id --with-gcc-major-version-only --with-linker-hash-style=gnu --enable-plugin --enable-initfini-array --with-isl --enable-libmpx --enable-offload-targets=nvptx-none --without-cuda-driver --enable-gnu-indirect-function --with-tune=generic --with-arch_32=i686 --build=x86_64-redhat-linux
Thread model: posix
gcc version 7.3.1 20180712 (Red Hat 7.3.1-6) (GCC) 
configure:4460: $? = 0
configure:4449: g++ -V >&5
g++: error: unrecognized command line option '-V'
g++: fatal error: no input files
compilation terminated.
configure:4460: $? = 1
configure:4449: g++ -qversion >&5
g++: error: unrecognized command line option '-qversion'; did you mean '--version'?
g++: fatal error: no input files
compilation terminated.
configure:4460: $? = 1
configure:4464: checking whether we are using the GNU C++ compiler
configure:4483: g++ -c   conftest.cpp >&5
configure:4483: $? = 0
configure:4492: result: yes
configure:4501: checking whether g++ accepts -g
configure:4521: g++ -c -g  conftest.cpp >&5
configure:4521: $? = 0
configure:4562: result: yes
configure:4587: checking dependency style of g++
configure:4698: result: gcc3
configure:4722: checking dependency style of gcc
configure:4831: result: gcc3
configure:4893: checking how to print strings
configure:4920: result: printf
configure:4941: checking for a sed that does not truncate output
configure:5005: result: /usr/bin/sed
configure:5023: checking for grep that handles long lines and -e
configure:5081: result: /usr/bin/grep
configure:5086: checking for egrep
configure:5148: result: /usr/bin/grep -E
configure:5153: checking for fgrep
configure:5215: result: /usr/bin/grep -F
configure:5250: checking for ld used by gcc
configure:5317: result: /usr/bin/ld
configure:5324: checking if the linker (/usr/bin/ld) is GNU ld
configure:5339: result: yes
configure:5351: checking for BSD- or MS-compatible name lister (nm)
configure:5405: result: /usr/bin/nm -B
configure:5535: checking the name lister (/usr/bin/nm -B) interface
configure:5542: gcc -c -g -O2  conftest.c >&5
configure:5545: /usr/bin/nm -B "conftest.o"
configure:5548: output
0000000000000000 B some_variable
configure:5555: result: BSD nm
configure:5558: checking whether ln -s works
configure:5562: result: yes
configure:5570: checking the maximum length of command line arguments
configure:5701: result: 1572864
configure:5749: checking how to convert x86_64-unknown-linux-gnu file names to x86_64-unknown-linux-gnu format
configure:5789: result: func_convert_file_noop
configure:5796: checking how to convert x86_64-unknown-linux-gnu file names to toolchain format
configure:5816: result: func_convert_file_noop
configure:5823: checking for /usr/bin/ld option to reload object files
configure:5830: result: -r
configure:5904: checking for objdump
configure:5920: found /usr/bin/objdump
configure:5931: result: objdump
configure:5963: checking how to recognize dependent libraries
configure:6163: result: pass_all
configure:6248: checking for dlltool
configure:6278: result: no
configure:6308: checking how to associate runtime and link libraries
configure:6335: result: printf %s\n
configure:6396: checking for ar
configure:6412: found /usr/bin/ar
configure:6423: result: ar
configure:6460: checking for archiver @FILE support
configure:6477: gcc -c -g -O2  conftest.c >&5
configure:6477: $? = 0
configure:6480: ar cru libconftest.a @conftest.lst >&5
configure:6483: $? = 0
configure:6488: ar cru libconftest.a @conftest.lst >&5
ar: conftest.o: No such file or directory
configure:6491: $? = 1
configure:6503: result: @
configure:6561: checking for strip
configure:6577: found /usr/bin/strip
configure:6588: result: strip
configure:6660: checking for ranlib
configure:6676: found /usr/bin/ranlib
configure:6687: result: ranlib
configure:6789: checking command to parse /usr/bin/nm -B output from gcc object
configure:6942: gcc -c -g -O2  conftest.c >&5
configure:6945: $? = 0
configure:6949: /usr/bin/nm -B conftest.o \| sed -n -e 's/^.*[ ]\([ABCDGIRSTW][ABCDGIRSTW]*\)[ ][ ]*\([_A-Za-z][_A-Za-z0-9]*\)$/\1 \2 \2/p' | sed '/ __gnu_lto/d' \> conftest.nm
configure:6952: $? = 0
configure:7018: gcc -o conftest -g -O2   conftest.c conftstm.o >&5
configure:7021: $? = 0
configure:7059: result: ok
configure:7106: checking for sysroot
configure:7136: result: no
configure:7143: checking for a working dd
configure:7181: result: /usr/bin/dd
configure:7185: checking how to truncate binary pipes
configure:7200: result: /usr/bin/dd bs=4096 count=1
configure:7336: gcc -c -g -O2  conftest.c >&5
configure:7339: $? = 0
configure:7529: checking for mt
configure:7559: result: no
configure:7579: checking if : is a manifest tool
configure:7585: : '-?'
configure:7593: result: no
configure:8270: checking how to run the C preprocessor
configure:8301: gcc -E  conftest.c
configure:8301: $? = 0
configure:8315: gcc -E  conftest.c
conftest.c:14:10: fatal error: ac_nonexistent.h: No such file or directory
 #include <ac_nonexistent.h>
          ^~~~~~~~~~~~~~~~~~
compilation terminated.
configure:8315: $? = 1
configure: failed program was:
| /* confdefs.h */
| #define PACKAGE_NAME "gc"
| #define PACKAGE_TARNAME "gc"
| #define PACKAGE_VERSION "8.0.0"
| #define PACKAGE_STRING "gc 8.0.0"
| #define PACKAGE_BUGREPORT "https://github.com/ivmai/bdwgc/issues"
| #define PACKAGE_URL ""
| #define GC_VERSION_MAJOR 8
| #define GC_VERSION_MINOR 0
| #define GC_VERSION_MICRO 0
| #define PACKAGE "gc"
| #define VERSION "8.0.0"
| /* end confdefs.h.  */
| #include <ac_nonexistent.h>
configure:8340: result: gcc -E
configure:8360: gcc -E  conftest.c
configure:8360: $? = 0
configure:8374: gcc -E  conftest.c
conftest.c:14:10: fatal error: ac_nonexistent.h: No such file or directory
 #include <ac_nonexistent.h>
          ^~~~~~~~~~~~~~~~~~
compilation terminated.
configure:8374: $? = 1
configure: failed program was:
| /* confdefs.h */
| #define PACKAGE_NAME "gc"
| #define PACKAGE_TARNAME "gc"
| #define PACKAGE_VERSION "8.0.0"
| #define PACKAGE_STRING "gc 8.0.0"
| #define PACKAGE_BUGREPORT "https://github.com/ivmai/bdwgc/issues"
| #define PACKAGE_URL ""
| #define GC_VERSION_MAJOR 8
| #define GC_VERSION_MINOR 0
| #define GC_VERSION_MICRO 0
| #define PACKAGE "gc"
| #define VERSION "8.0.0"
| /* end confdefs.h.  */
| #include <ac_nonexistent.h>
configure:8403: checking for ANSI C header files
configure:8423: gcc -c -g -O2  conftest.c >&5
configure:8423: $? = 0
configure:8496: gcc -o conftest -g -O2   conftest.c  >&5
configure:8496: $? = 0
configure:8496: ./conftest
configure:8496: $? = 0
configure:8507: result: yes
configure:8520: checking for sys/types.h
configure:8520: gcc -c -g -O2  conftest.c >&5
configure:8520: $? = 0
configure:8520: result: yes
configure:8520: checking for sys/stat.h
configure:8520: gcc -c -g -O2  conftest.c >&5
configure:8520: $? = 0
configure:8520: result: yes
configure:8520: checking for stdlib.h
configure:8520: gcc -c -g -O2  conftest.c >&5
configure:8520: $? = 0
configure:8520: result: yes
configure:8520: checking for string.h
configure:8520: gcc -c -g -O2  conftest.c >&5
configure:8520: $? = 0
configure:8520: result: yes
configure:8520: checking for memory.h
configure:8520: gcc -c -g -O2  conftest.c >&5
configure:8520: $? = 0
configure:8520: result: yes
configure:8520: checking for strings.h
configure:8520: gcc -c -g -O2  conftest.c >&5
configure:8520: $? = 0
configure:8520: result: yes
configure:8520: checking for inttypes.h
configure:8520: gcc -c -g -O2  conftest.c >&5
configure:8520: $? = 0
configure:8520: result: yes
configure:8520: checking for stdint.h
configure:8520: gcc -c -g -O2  conftest.c >&5
configure:8520: $? = 0
configure:8520: result: yes
configure:8520: checking for unistd.h
configure:8520: gcc -c -g -O2  conftest.c >&5
configure:8520: $? = 0
configure:8520: result: yes
configure:8534: checking for dlfcn.h
configure:8534: gcc -c -g -O2  conftest.c >&5
configure:8534: $? = 0
configure:8534: result: yes
configure:8800: checking for objdir
configure:8815: result: .libs
configure:9079: checking if gcc supports -fno-rtti -fno-exceptions
configure:9097: gcc -c -g -O2  -fno-rtti -fno-exceptions conftest.c >&5
cc1: warning: command line option '-fno-rtti' is valid for C++/ObjC++ but not for C
configure:9101: $? = 0
configure:9114: result: no
configure:9472: checking for gcc option to produce PIC
configure:9479: result: -fPIC -DPIC
configure:9487: checking if gcc PIC flag -fPIC -DPIC works
configure:9505: gcc -c -g -O2  -fPIC -DPIC -DPIC conftest.c >&5
configure:9509: $? = 0
configure:9522: result: yes
configure:9551: checking if gcc static flag -static works
configure:9579: result: no
configure:9594: checking if gcc supports -c -o file.o
configure:9615: gcc -c -g -O2  -o out/conftest2.o conftest.c >&5
configure:9619: $? = 0
configure:9641: result: yes
configure:9649: checking if gcc supports -c -o file.o
configure:9696: result: yes
configure:9729: checking whether the gcc linker (/usr/bin/ld -m elf_x86_64) supports shared libraries
configure:10988: result: yes
configure:11025: checking whether -lc should be explicitly linked in
configure:11033: gcc -c -g -O2  conftest.c >&5
configure:11036: $? = 0
configure:11051: gcc -shared  -fPIC -DPIC conftest.o  -v -Wl,-soname -Wl,conftest -o conftest 2\>\&1 \| /usr/bin/grep  -lc  \>/dev/null 2\>\&1
configure:11054: $? = 0
configure:11068: result: no
configure:11228: checking dynamic linker characteristics
configure:11809: gcc -o conftest -g -O2   -Wl,-rpath -Wl,/foo conftest.c  >&5
configure:11809: $? = 0
configure:12046: result: GNU/Linux ld.so
configure:12168: checking how to hardcode library paths into programs
configure:12193: result: immediate
configure:12741: checking whether stripping libraries is possible
configure:12746: result: yes
configure:12781: checking if libtool supports shared libraries
configure:12783: result: yes
configure:12786: checking whether to build shared libraries
configure:12811: result: yes
configure:12814: checking whether to build static libraries
configure:12818: result: no
configure:12841: checking how to run the C++ preprocessor
configure:12868: g++ -E  conftest.cpp
configure:12868: $? = 0
configure:12882: g++ -E  conftest.cpp
conftest.cpp:26:10: fatal error: ac_nonexistent.h: No such file or directory
 #include <ac_nonexistent.h>
          ^~~~~~~~~~~~~~~~~~
compilation terminated.
configure:12882: $? = 1
configure: failed program was:
| /* confdefs.h */
| #define PACKAGE_NAME "gc"
| #define PACKAGE_TARNAME "gc"
| #define PACKAGE_VERSION "8.0.0"
| #define PACKAGE_STRING "gc 8.0.0"
| #define PACKAGE_BUGREPORT "https://github.com/ivmai/bdwgc/issues"
| #define PACKAGE_URL ""
| #define GC_VERSION_MAJOR 8
| #define GC_VERSION_MINOR 0
| #define GC_VERSION_MICRO 0
| #define PACKAGE "gc"
| #define VERSION "8.0.0"
| #define STDC_HEADERS 1
| #define HAVE_SYS_TYPES_H 1
| #define HAVE_SYS_STAT_H 1
| #define HAVE_STDLIB_H 1
| #define HAVE_STRING_H 1
| #define HAVE_MEMORY_H 1
| #define HAVE_STRINGS_H 1
| #define HAVE_INTTYPES_H 1
| #define HAVE_STDINT_H 1
| #define HAVE_UNISTD_H 1
| #define HAVE_DLFCN_H 1
| #define LT_OBJDIR ".libs/"
| /* end confdefs.h.  */
| #include <ac_nonexistent.h>
configure:12907: result: g++ -E
configure:12927: g++ -E  conftest.cpp
configure:12927: $? = 0
configure:12941: g++ -E  conftest.cpp
conftest.cpp:26:10: fatal error: ac_nonexistent.h: No such file or directory
 #include <ac_nonexistent.h>
          ^~~~~~~~~~~~~~~~~~
compilation terminated.
configure:12941: $? = 1
configure: failed program was:
| /* confdefs.h */
| #define PACKAGE_NAME "gc"
| #define PACKAGE_TARNAME "gc"
| #define PACKAGE_VERSION "8.0.0"
| #define PACKAGE_STRING "gc 8.0.0"
| #define PACKAGE_BUGREPORT "https://github.com/ivmai/bdwgc/issues"
| #define PACKAGE_URL ""
| #define GC_VERSION_MAJOR 8
| #define GC_VERSION_MINOR 0
| #define GC_VERSION_MICRO 0
| #define PACKAGE "gc"
| #define VERSION "8.0.0"
| #define STDC_HEADERS 1
| #define HAVE_SYS_TYPES_H 1
| #define HAVE_SYS_STAT_H 1
| #define HAVE_STDLIB_H 1
| #define HAVE_STRING_H 1
| #define HAVE_MEMORY_H 1
| #define HAVE_STRINGS_H 1
| #define HAVE_INTTYPES_H 1
| #define HAVE_STDINT_H 1
| #define HAVE_UNISTD_H 1
| #define HAVE_DLFCN_H 1
| #define LT_OBJDIR ".libs/"
| /* end confdefs.h.  */
| #include <ac_nonexistent.h>
configure:13103: checking for ld used by g++
configure:13170: result: /usr/bin/ld -m elf_x86_64
configure:13177: checking if the linker (/usr/bin/ld -m elf_x86_64) is GNU ld
configure:13192: result: yes
configure:13247: checking whether the g++ linker (/usr/bin/ld -m elf_x86_64) supports shared libraries
configure:14320: result: yes
configure:14356: g++ -c -g -O2  conftest.cpp >&5
configure:14359: $? = 0
configure:14840: checking for g++ option to produce PIC
configure:14847: result: -fPIC -DPIC
configure:14855: checking if g++ PIC flag -fPIC -DPIC works
configure:14873: g++ -c -g -O2  -fPIC -DPIC -DPIC conftest.cpp >&5
configure:14877: $? = 0
configure:14890: result: yes
configure:14913: checking if g++ static flag -static works
configure:14941: result: no
configure:14953: checking if g++ supports -c -o file.o
configure:14974: g++ -c -g -O2  -o out/conftest2.o conftest.cpp >&5
configure:14978: $? = 0
configure:15000: result: yes
configure:15005: checking if g++ supports -c -o file.o
configure:15052: result: yes
configure:15082: checking whether the g++ linker (/usr/bin/ld -m elf_x86_64) supports shared libraries
configure:15122: result: yes
configure:15263: checking dynamic linker characteristics
configure:16008: result: GNU/Linux ld.so
configure:16073: checking how to hardcode library paths into programs
configure:16098: result: immediate
configure:16302: checking for inline
configure:16318: gcc -c -g -O2   conftest.c >&5
configure:16318: $? = 0
configure:16326: result: inline
configure:16657: checking whether compiler supports -Wextra
configure:16672: gcc -c -Wextra -g -O2  conftest.c >&5
configure:16672: $? = 0
configure:16679: result: yes
configure:16686: checking whether compiler supports -Wpedantic
configure:16702: gcc -c -Wpedantic -Wno-long-long -g -O2  conftest.c >&5
configure:16702: $? = 0
configure:16709: result: yes
configure:16718: checking for xlc
configure:16735: gcc -c -Wall -Wextra -Wpedantic -Wno-long-long -g -O2  conftest.c >&5
conftest.c: In function 'main':
conftest.c:32:4: error: #error 
  # error
    ^~~~~
configure:16735: $? = 1
configure: failed program was:
| /* confdefs.h */
| #define PACKAGE_NAME "gc"
| #define PACKAGE_TARNAME "gc"
| #define PACKAGE_VERSION "8.0.0"
| #define PACKAGE_STRING "gc 8.0.0"
| #define PACKAGE_BUGREPORT "https://github.com/ivmai/bdwgc/issues"
| #define PACKAGE_URL ""
| #define GC_VERSION_MAJOR 8
| #define GC_VERSION_MINOR 0
| #define GC_VERSION_MICRO 0
| #define PACKAGE "gc"
| #define VERSION "8.0.0"
| #define STDC_HEADERS 1
| #define HAVE_SYS_TYPES_H 1
| #define HAVE_SYS_STAT_H 1
| #define HAVE_STDLIB_H 1
| #define HAVE_STRING_H 1
| #define HAVE_MEMORY_H 1
| #define HAVE_STRINGS_H 1
| #define HAVE_INTTYPES_H 1
| #define HAVE_STDINT_H 1
| #define HAVE_UNISTD_H 1
| #define HAVE_DLFCN_H 1
| #define LT_OBJDIR ".libs/"
| /* end confdefs.h.  */
| 
| int
| main ()
| {
| 
|  #ifndef __xlC__
|  # error
|  #endif
| 
|   ;
|   return 0;
| }
configure:16741: result: no
configure:16763: checking whether compiler supports -fno-strict-aliasing
configure:16789: gcc -c -Wall -Wextra -Wpedantic -Wno-long-long -g -O2 -fno-strict-aliasing  conftest.c >&5
configure:16789: $? = 0
configure:16798: result: yes
configure:16803: checking for getcontext
configure:16803: gcc -o conftest -Wall -Wextra -Wpedantic -Wno-long-long -g -O2 -fno-strict-aliasing   conftest.c  >&5
configure:16803: $? = 0
configure:16803: result: yes
configure:16816: checking for dl_iterate_phdr
configure:16816: gcc -o conftest -Wall -Wextra -Wpedantic -Wno-long-long -g -O2 -fno-strict-aliasing   conftest.c  >&5
configure:16816: $? = 0
configure:16816: result: yes
configure:16835: checking for dlopen in -ldl
configure:16860: gcc -o conftest -Wall -Wextra -Wpedantic -Wno-long-long -g -O2 -fno-strict-aliasing   conftest.c -ldl   >&5
configure:16860: $? = 0
configure:16869: result: yes
configure:16895: checking execinfo.h usability
configure:16895: gcc -c -Wall -Wextra -Wpedantic -Wno-long-long -g -O2 -fno-strict-aliasing  conftest.c >&5
configure:16895: $? = 0
configure:16895: result: yes
configure:16895: checking execinfo.h presence
configure:16895: gcc -E  conftest.c
configure:16895: $? = 0
configure:16895: result: yes
configure:16895: checking for execinfo.h
configure:16895: result: yes
configure:16980: checking whether to build shared libraries
configure:17019: result: yes
configure:17029: checking whether compiler supports -fvisibility
configure:17044: gcc -c -Werror -fvisibility=hidden -Wall -Wextra -Wpedantic -Wno-long-long -g -O2 -fno-strict-aliasing  conftest.c >&5
configure:17044: $? = 0
configure:17056: result: yes
configure:17064: checking which machine-dependent code should be used
configure:17105: result: 
configure:17131: checking whether Solaris gcc optimization fix is necessary
configure:17154: result: no
configure:17310: checking for dladdr
configure:17331: gcc -c -DGC_VISIBILITY_HIDDEN_SET -fvisibility=hidden -Wall -Wextra -Wpedantic -Wno-long-long -g -O2 -fno-strict-aliasing   conftest.c >&5
configure:17331: $? = 0
configure:17336: result: yes
configure:17345: checking for sigsetjmp
configure:17360: gcc -o conftest -DGC_VISIBILITY_HIDDEN_SET -fvisibility=hidden -Wall -Wextra -Wpedantic -Wno-long-long -g -O2 -fno-strict-aliasing    conftest.c  >&5
configure:17360: $? = 0
configure:17361: result: yes
configure:17376: checking sys/dg_sys_info.h usability
configure:17376: gcc -c -DGC_VISIBILITY_HIDDEN_SET -fvisibility=hidden -Wall -Wextra -Wpedantic -Wno-long-long -g -O2 -fno-strict-aliasing  conftest.c >&5
conftest.c:66:10: fatal error: sys/dg_sys_info.h: No such file or directory
 #include <sys/dg_sys_info.h>
          ^~~~~~~~~~~~~~~~~~~
compilation terminated.
configure:17376: $? = 1
configure: failed program was:
| /* confdefs.h */
| #define PACKAGE_NAME "gc"
| #define PACKAGE_TARNAME "gc"
| #define PACKAGE_VERSION "8.0.0"
| #define PACKAGE_STRING "gc 8.0.0"
| #define PACKAGE_BUGREPORT "https://github.com/ivmai/bdwgc/issues"
| #define PACKAGE_URL ""
| #define GC_VERSION_MAJOR 8
| #define GC_VERSION_MINOR 0
| #define GC_VERSION_MICRO 0
| #define PACKAGE "gc"
| #define VERSION "8.0.0"
| #define STDC_HEADERS 1
| #define HAVE_SYS_TYPES_H 1
| #define HAVE_SYS_STAT_H 1
| #define HAVE_STDLIB_H 1
| #define HAVE_STRING_H 1
| #define HAVE_MEMORY_H 1
| #define HAVE_STRINGS_H 1
| #define HAVE_INTTYPES_H 1
| #define HAVE_STDINT_H 1
| #define HAVE_UNISTD_H 1
| #define HAVE_DLFCN_H 1
| #define LT_OBJDIR ".libs/"
| #define HAVE_DL_ITERATE_PHDR 1
| #define GC_DLL 1
| #define NO_EXECUTE_PERMISSION 1
| #define ALL_INTERIOR_POINTERS 1
| #define GC_GCJ_SUPPORT 1
| #define GC_ENABLE_SUSPEND_THREAD 1
| #define HAVE_DLADDR 1
| /* end confdefs.h.  */
| #include <stdio.h>
| #ifdef HAVE_SYS_TYPES_H
| # include <sys/types.h>
| #endif
| #ifdef HAVE_SYS_STAT_H
| # include <sys/stat.h>
| #endif
| #ifdef STDC_HEADERS
| # include <stdlib.h>
| # include <stddef.h>
| #else
| # ifdef HAVE_STDLIB_H
| #  include <stdlib.h>
| # endif
| #endif
| #ifdef HAVE_STRING_H
| # if !defined STDC_HEADERS && defined HAVE_MEMORY_H
| #  include <memory.h>
| # endif
| # include <string.h>
| #endif
| #ifdef HAVE_STRINGS_H
| # include <strings.h>
| #endif
| #ifdef HAVE_INTTYPES_H
| # include <inttypes.h>
| #endif
| #ifdef HAVE_STDINT_H
| # include <stdint.h>
| #endif
| #ifdef HAVE_UNISTD_H
| # include <unistd.h>
| #endif
| #include <sys/dg_sys_info.h>
configure:17376: result: no
configure:17376: checking sys/dg_sys_info.h presence
configure:17376: gcc -E  conftest.c
conftest.c:33:10: fatal error: sys/dg_sys_info.h: No such file or directory
 #include <sys/dg_sys_info.h>
          ^~~~~~~~~~~~~~~~~~~
compilation terminated.
configure:17376: $? = 1
configure: failed program was:
| /* confdefs.h */
| #define PACKAGE_NAME "gc"
| #define PACKAGE_TARNAME "gc"
| #define PACKAGE_VERSION "8.0.0"
| #define PACKAGE_STRING "gc 8.0.0"
| #define PACKAGE_BUGREPORT "https://github.com/ivmai/bdwgc/issues"
| #define PACKAGE_URL ""
| #define GC_VERSION_MAJOR 8
| #define GC_VERSION_MINOR 0
| #define GC_VERSION_MICRO 0
| #define PACKAGE "gc"
| #define VERSION "8.0.0"
| #define STDC_HEADERS 1
| #define HAVE_SYS_TYPES_H 1
| #define HAVE_SYS_STAT_H 1
| #define HAVE_STDLIB_H 1
| #define HAVE_STRING_H 1
| #define HAVE_MEMORY_H 1
| #define HAVE_STRINGS_H 1
| #define HAVE_INTTYPES_H 1
| #define HAVE_STDINT_H 1
| #define HAVE_UNISTD_H 1
| #define HAVE_DLFCN_H 1
| #define LT_OBJDIR ".libs/"
| #define HAVE_DL_ITERATE_PHDR 1
| #define GC_DLL 1
| #define NO_EXECUTE_PERMISSION 1
| #define ALL_INTERIOR_POINTERS 1
| #define GC_GCJ_SUPPORT 1
| #define GC_ENABLE_SUSPEND_THREAD 1
| #define HAVE_DLADDR 1
| /* end confdefs.h.  */
| #include <sys/dg_sys_info.h>
configure:17376: result: no
configure:17376: checking for sys/dg_sys_info.h
configure:17376: result: no
configure:17775: checking which libatomic_ops to use
configure:17784: result: none
configure:17935: checking that generated files are newer than configure
configure:17941: result: done
configure:18048: creating ./config.status

## ---------------------- ##
## Running config.status. ##
## ---------------------- ##

This file was extended by gc config.status 8.0.0, which was
generated by GNU Autoconf 2.69.  Invocation command line was

  CONFIG_FILES    = 
  CONFIG_HEADERS  = 
  CONFIG_LINKS    = 
  CONFIG_COMMANDS = 
  $ ./config.status 

on JF1121-080217T

config.status:1233: creating Makefile
config.status:1233: creating bdw-gc.pc
config.status:1233: creating include/config.h
config.status:1462: executing depfiles commands
config.status:1462: executing libtool commands
config.status:1462: executing default commands

## ---------------- ##
## Cache variables. ##
## ---------------- ##

ac_cv_build=x86_64-unknown-linux-gnu
ac_cv_c_compiler_gnu=yes
ac_cv_c_inline=inline
ac_cv_cc_pedantic=yes
ac_cv_cc_wextra=yes
ac_cv_cxx_compiler_gnu=yes
ac_cv_env_CCASFLAGS_set=
ac_cv_env_CCASFLAGS_value=
ac_cv_env_CCAS_set=
ac_cv_env_CCAS_value=
ac_cv_env_CCC_set=
ac_cv_env_CCC_value=
ac_cv_env_CC_set=
ac_cv_env_CC_value=
ac_cv_env_CFLAGS_set=
ac_cv_env_CFLAGS_value=
ac_cv_env_CPPFLAGS_set=
ac_cv_env_CPPFLAGS_value=
ac_cv_env_CPP_set=
ac_cv_env_CPP_value=
ac_cv_env_CXXCPP_set=
ac_cv_env_CXXCPP_value=
ac_cv_env_CXXFLAGS_set=
ac_cv_env_CXXFLAGS_value=
ac_cv_env_CXX_set=
ac_cv_env_CXX_value=
ac_cv_env_LDFLAGS_set=
ac_cv_env_LDFLAGS_value=
ac_cv_env_LIBS_set=
ac_cv_env_LIBS_value=
ac_cv_env_LT_SYS_LIBRARY_PATH_set=
ac_cv_env_LT_SYS_LIBRARY_PATH_value=
ac_cv_env_build_alias_set=
ac_cv_env_build_alias_value=
ac_cv_env_host_alias_set=
ac_cv_env_host_alias_value=
ac_cv_env_target_alias_set=
ac_cv_env_target_alias_value=
ac_cv_fno_strict_aliasing=yes
ac_cv_func_dl_iterate_phdr=yes
ac_cv_func_getcontext=yes
ac_cv_fvisibility_hidden=yes
ac_cv_header_dlfcn_h=yes
ac_cv_header_execinfo_h=yes
ac_cv_header_inttypes_h=yes
ac_cv_header_memory_h=yes
ac_cv_header_stdc=yes
ac_cv_header_stdint_h=yes
ac_cv_header_stdlib_h=yes
ac_cv_header_string_h=yes
ac_cv_header_strings_h=yes
ac_cv_header_sys_dg_sys_info_h=no
ac_cv_header_sys_stat_h=yes
ac_cv_header_sys_types_h=yes
ac_cv_header_unistd_h=yes
ac_cv_host=x86_64-unknown-linux-gnu
ac_cv_lib_dl_dlopen=yes
ac_cv_objext=o
ac_cv_path_EGREP='/usr/bin/grep -E'
ac_cv_path_FGREP='/usr/bin/grep -F'
ac_cv_path_GREP=/usr/bin/grep
ac_cv_path_SED=/usr/bin/sed
ac_cv_path_install='/usr/bin/install -c'
ac_cv_path_lt_DD=/usr/bin/dd
ac_cv_path_mkdir=/usr/bin/mkdir
ac_cv_prog_AWK=gawk
ac_cv_prog_CPP='gcc -E'
ac_cv_prog_CXXCPP='g++ -E'
ac_cv_prog_ac_ct_AR=ar
ac_cv_prog_ac_ct_CC=gcc
ac_cv_prog_ac_ct_CXX=g++
ac_cv_prog_ac_ct_OBJDUMP=objdump
ac_cv_prog_ac_ct_RANLIB=ranlib
ac_cv_prog_ac_ct_STRIP=strip
ac_cv_prog_cc_c89=
ac_cv_prog_cc_g=yes
ac_cv_prog_cxx_g=yes
ac_cv_prog_make_make_set=yes
ac_cv_target=x86_64-unknown-linux-gnu
am_cv_CCAS_dependencies_compiler_type=gcc3
am_cv_CC_dependencies_compiler_type=gcc3
am_cv_CXX_dependencies_compiler_type=gcc3
am_cv_make_support_nested_variables=yes
am_cv_prog_cc_c_o=yes
lt_cv_ar_at_file=@
lt_cv_archive_cmds_need_lc=no
lt_cv_deplibs_check_method=pass_all
lt_cv_file_magic_cmd='$MAGIC_CMD'
lt_cv_file_magic_test_file=
lt_cv_ld_reload_flag=-r
lt_cv_nm_interface='BSD nm'
lt_cv_objdir=.libs
lt_cv_path_LD=/usr/bin/ld
lt_cv_path_LDCXX='/usr/bin/ld -m elf_x86_64'
lt_cv_path_NM='/usr/bin/nm -B'
lt_cv_path_mainfest_tool=no
lt_cv_prog_compiler_c_o=yes
lt_cv_prog_compiler_c_o_CXX=yes
lt_cv_prog_compiler_pic='-fPIC -DPIC'
lt_cv_prog_compiler_pic_CXX='-fPIC -DPIC'
lt_cv_prog_compiler_pic_works=yes
lt_cv_prog_compiler_pic_works_CXX=yes
lt_cv_prog_compiler_rtti_exceptions=no
lt_cv_prog_compiler_static_works=no
lt_cv_prog_compiler_static_works_CXX=no
lt_cv_prog_gnu_ld=yes
lt_cv_prog_gnu_ldcxx=yes
lt_cv_sharedlib_from_linklib_cmd='printf %s\n'
lt_cv_shlibpath_overrides_runpath=no
lt_cv_sys_global_symbol_pipe='sed -n -e '\''s/^.*[	 ]\([ABCDGIRSTW][ABCDGIRSTW]*\)[	 ][	 ]*\([_A-Za-z][_A-Za-z0-9]*\)$/\1 \2 \2/p'\'' | sed '\''/ __gnu_lto/d'\'''
lt_cv_sys_global_symbol_to_c_name_address='sed -n -e '\''s/^: \(.*\) .*$/  {"\1", (void *) 0},/p'\'' -e '\''s/^[ABCDGIRSTW][ABCDGIRSTW]* .* \(.*\)$/  {"\1", (void *) \&\1},/p'\'''
lt_cv_sys_global_symbol_to_c_name_address_lib_prefix='sed -n -e '\''s/^: \(.*\) .*$/  {"\1", (void *) 0},/p'\'' -e '\''s/^[ABCDGIRSTW][ABCDGIRSTW]* .* \(lib.*\)$/  {"\1", (void *) \&\1},/p'\'' -e '\''s/^[ABCDGIRSTW][ABCDGIRSTW]* .* \(.*\)$/  {"lib\1", (void *) \&\1},/p'\'''
lt_cv_sys_global_symbol_to_cdecl='sed -n -e '\''s/^T .* \(.*\)$/extern int \1();/p'\'' -e '\''s/^[ABCDGIRSTW][ABCDGIRSTW]* .* \(.*\)$/extern char \1;/p'\'''
lt_cv_sys_global_symbol_to_import=
lt_cv_sys_max_cmd_len=1572864
lt_cv_to_host_file_cmd=func_convert_file_noop
lt_cv_to_tool_file_cmd=func_convert_file_noop
lt_cv_truncate_bin='/usr/bin/dd bs=4096 count=1'

## ----------------- ##
## Output variables. ##
## ----------------- ##

ACLOCAL='${SHELL} /home/swapnilh/Immutable-Datastructure-c++/boehmgc/gc-8.0.0/missing aclocal-1.15'
AMDEPBACKSLASH='\'
AMDEP_FALSE='#'
AMDEP_TRUE=''
AMTAR='$${TAR-tar}'
AM_BACKSLASH='\'
AM_CFLAGS=''
AM_CPPFLAGS=''
AM_DEFAULT_V='$(AM_DEFAULT_VERBOSITY)'
AM_DEFAULT_VERBOSITY='1'
AM_V='$(V)'
AR='ar'
ASM_WITH_CPP_UNSUPPORTED_FALSE=''
ASM_WITH_CPP_UNSUPPORTED_TRUE='#'
ATOMIC_OPS_CFLAGS=''
AUTOCONF='${SHELL} /home/swapnilh/Immutable-Datastructure-c++/boehmgc/gc-8.0.0/missing autoconf'
AUTOHEADER='${SHELL} /home/swapnilh/Immutable-Datastructure-c++/boehmgc/gc-8.0.0/missing autoheader'
AUTOMAKE='${SHELL} /home/swapnilh/Immutable-Datastructure-c++/boehmgc/gc-8.0.0/missing automake-1.15'
AVOID_CPP_LIB_FALSE=''
AVOID_CPP_LIB_TRUE='#'
AWK='gawk'
CC='gcc'
CCAS='gcc'
CCASDEPMODE='depmode=gcc3'
CCASFLAGS='-g -O2'
CCDEPMODE='depmode=gcc3'
CFLAGS='-DGC_VISIBILITY_HIDDEN_SET -fvisibility=hidden -Wall -Wextra -Wpedantic -Wno-long-long -g -O2 -fno-strict-aliasing'
CFLAGS_EXTRA=''
CHECKSUMS_FALSE=''
CHECKSUMS_TRUE='#'
CPLUSPLUS_FALSE=''
CPLUSPLUS_TRUE='#'
CPP='gcc -E'
CPPFLAGS=''
CXX='g++'
CXXCPP='g++ -E'
CXXDEPMODE='depmode=gcc3'
CXXFLAGS='-g -O2'
CXXLIBS=''
CYGPATH_W='echo'
DARWIN_THREADS_FALSE=''
DARWIN_THREADS_TRUE='#'
DEFS='-DHAVE_CONFIG_H'
DEPDIR='.deps'
DLLTOOL='false'
DSYMUTIL=''
DUMPBIN=''
ECHO_C=''
ECHO_N='-n'
ECHO_T=''
EGREP='/usr/bin/grep -E'
ENABLE_DISCLAIM_FALSE='#'
ENABLE_DISCLAIM_TRUE=''
ENABLE_DOCS_FALSE='#'
ENABLE_DOCS_TRUE=''
EXEEXT=''
EXTRA_TEST_LIBS=''
FGREP='/usr/bin/grep -F'
GC_CFLAGS=' -fexceptions'
GC_VERSION=''
GREP='/usr/bin/grep'
INSTALL_DATA='${INSTALL} -m 644'
INSTALL_PROGRAM='${INSTALL}'
INSTALL_SCRIPT='${INSTALL}'
INSTALL_STRIP_PROGRAM='$(install_sh) -c -s'
KEEP_BACK_PTRS_FALSE=''
KEEP_BACK_PTRS_TRUE='#'
LD='/usr/bin/ld -m elf_x86_64'
LDFLAGS=''
LIBOBJS=''
LIBS=''
LIBTOOL='$(SHELL) $(top_builddir)/libtool'
LIPO=''
LN_S='ln -s'
LTLIBOBJS=''
LT_SYS_LIBRARY_PATH=''
MAINT='#'
MAINTAINER_MODE_FALSE=''
MAINTAINER_MODE_TRUE='#'
MAKEINFO='${SHELL} /home/swapnilh/Immutable-Datastructure-c++/boehmgc/gc-8.0.0/missing makeinfo'
MAKE_BACK_GRAPH_FALSE=''
MAKE_BACK_GRAPH_TRUE='#'
MANIFEST_TOOL=':'
MKDIR_P='/usr/bin/mkdir -p'
NEED_ATOMIC_OPS_ASM_FALSE=''
NEED_ATOMIC_OPS_ASM_TRUE='#'
NM='/usr/bin/nm -B'
NMEDIT=''
OBJDUMP='objdump'
OBJEXT='o'
OTOOL64=''
OTOOL=''
PACKAGE='gc'
PACKAGE_BUGREPORT='https://github.com/ivmai/bdwgc/issues'
PACKAGE_NAME='gc'
PACKAGE_STRING='gc 8.0.0'
PACKAGE_TARNAME='gc'
PACKAGE_URL=''
PACKAGE_VERSION='8.0.0'
PATH_SEPARATOR=':'
PTHREADS_FALSE=''
PTHREADS_TRUE='#'
PTHREAD_START_STANDALONE_FALSE=''
PTHREAD_START_STANDALONE_TRUE='#'
RANLIB='ranlib'
SED='/usr/bin/sed'
SET_MAKE=''
SHELL='/bin/sh'
SINGLE_GC_OBJ_FALSE='#'
SINGLE_GC_OBJ_TRUE=''
STRIP='strip'
THREADDLLIBS=' -ldl'
THREADS_FALSE=''
THREADS_TRUE='#'
THREAD_LOCAL_ALLOC_FALSE=''
THREAD_LOCAL_ALLOC_TRUE='#'
UNWINDLIBS=''
USE_INTERNAL_LIBATOMIC_OPS_FALSE=''
USE_INTERNAL_LIBATOMIC_OPS_TRUE='#'
USE_LIBDIR_FALSE='#'
USE_LIBDIR_TRUE=''
VERSION='8.0.0'
WERROR_CFLAGS=''
WIN32_THREADS_FALSE=''
WIN32_THREADS_TRUE='#'
ac_ct_AR='ar'
ac_ct_CC='gcc'
ac_ct_CXX='g++'
ac_ct_DUMPBIN=''
addlibs=''
addobjs=' '
am__EXEEXT_FALSE=''
am__EXEEXT_TRUE='#'
am__fastdepCCAS_FALSE='#'
am__fastdepCCAS_TRUE=''
am__fastdepCC_FALSE='#'
am__fastdepCC_TRUE=''
am__fastdepCXX_FALSE='#'
am__fastdepCXX_TRUE=''
am__include='include'
am__isrc=''
am__leading_dot='.'
am__nodep='_no'
am__quote=''
am__tar='$${TAR-tar} chof - "$$tardir"'
am__untar='$${TAR-tar} xf -'
bindir='${exec_prefix}/bin'
build='x86_64-unknown-linux-gnu'
build_alias=''
build_cpu='x86_64'
build_os='linux-gnu'
build_vendor='unknown'
datadir='${datarootdir}'
datarootdir='${prefix}/share'
docdir='${datarootdir}/doc/${PACKAGE_TARNAME}'
dvidir='${docdir}'
exec_prefix='${prefix}'
extra_ldflags_libgc=''
host='x86_64-unknown-linux-gnu'
host_alias=''
host_cpu='x86_64'
host_os='linux-gnu'
host_vendor='unknown'
htmldir='${docdir}'
includedir='${prefix}/include'
infodir='${datarootdir}/info'
install_sh='${SHELL} /home/swapnilh/Immutable-Datastructure-c++/boehmgc/gc-8.0.0/install-sh'
libdir='${exec_prefix}/lib'
libexecdir='${exec_prefix}/libexec'
localedir='${datarootdir}/locale'
localstatedir='${prefix}/var'
mandir='${datarootdir}/man'
mkdir_p='$(MKDIR_P)'
oldincludedir='/usr/include'
pdfdir='${docdir}'
prefix='/home/swapnilh/Immutable-Datastructure-c++/boehmgc/gc-8.0.0/build'
program_transform_name='s,x,x,'
psdir='${docdir}'
sbindir='${exec_prefix}/sbin'
sharedstatedir='${prefix}/com'
subdirs=''
sysconfdir='${prefix}/etc'
target='x86_64-unknown-linux-gnu'
target_alias=''
target_all='libgc.la'
target_cpu='x86_64'
target_os='linux-gnu'
target_vendor='unknown'

## ----------- ##
## confdefs.h. ##
## ----------- ##

/* confdefs.h */
#define PACKAGE_NAME "gc"
#define PACKAGE_TARNAME "gc"
#define PACKAGE_VERSION "8.0.0"
#define PACKAGE_STRING "gc 8.0.0"
#define PACKAGE_BUGREPORT "https://github.com/ivmai/bdwgc/issues"
#define PACKAGE_URL ""
#define GC_VERSION_MAJOR 8
#define GC_VERSION_MINOR 0
#define GC_VERSION_MICRO 0
#define PACKAGE "gc"
#define VERSION "8.0.0"
#define STDC_HEADERS 1
#define HAVE_SYS_TYPES_H 1
#define HAVE_SYS_STAT_H 1
#define HAVE_STDLIB_H 1
#define HAVE_STRING_H 1
#define HAVE_MEMORY_H 1
#define HAVE_STRINGS_H 1
#define HAVE_INTTYPES_H 1
#define HAVE_STDINT_H 1
#define HAVE_UNISTD_H 1
#define HAVE_DLFCN_H 1
#define LT_OBJDIR ".libs/"
#define HAVE_DL_ITERATE_PHDR 1
#define GC_DLL 1
#define NO_EXECUTE_PERMISSION 1
#define ALL_INTERIOR_POINTERS 1
#define GC_GCJ_SUPPORT 1
#define GC_ENABLE_SUSPEND_THREAD 1
#define HAVE_DLADDR 1
#define JAVA_FINALIZATION 1
#define GC_ATOMIC_UNCOLLECTABLE 1
#define ENABLE_DISCLAIM 1
#define USE_MMAP 1
#define USE_MUNMAP 1
#define MUNMAP_THRESHOLD 6

configure: exit 0
