The system is: Linux - 4.15.6-300.fc27.x86_64 - x86_64
Compiling the C compiler identification source file "CMakeCCompilerId.c" succeeded.
Compiler: /usr/bin/cc 
Build flags: 
Id flags:  

The output was:
0


Compilation of the C compiler identification source "CMakeCCompilerId.c" produced "a.out"

The C compiler identification is GNU, found in "/home/swapnilh/pmdk-stuff/libpmemobj-cpp/build/CMakeFiles/3.11.2/CompilerIdC/a.out"

Compiling the CXX compiler identification source file "CMakeCXXCompilerId.cpp" succeeded.
Compiler: /usr/bin/c++ 
Build flags: 
Id flags:  

The output was:
0


Compilation of the CXX compiler identification source "CMakeCXXCompilerId.cpp" produced "a.out"

The CXX compiler identification is GNU, found in "/home/swapnilh/pmdk-stuff/libpmemobj-cpp/build/CMakeFiles/3.11.2/CompilerIdCXX/a.out"

Determining if the C compiler works passed with the following output:
Change Dir: /home/swapnilh/pmdk-stuff/libpmemobj-cpp/build/CMakeFiles/CMakeTmp

Run Build Command:"/usr/bin/gmake" "cmTC_93108/fast"
/usr/bin/gmake -f CMakeFiles/cmTC_93108.dir/build.make CMakeFiles/cmTC_93108.dir/build
gmake[1]: Entering directory '/home/swapnilh/pmdk-stuff/libpmemobj-cpp/build/CMakeFiles/CMakeTmp'
Building C object CMakeFiles/cmTC_93108.dir/testCCompiler.c.o
/usr/bin/cc    -o CMakeFiles/cmTC_93108.dir/testCCompiler.c.o   -c /home/swapnilh/pmdk-stuff/libpmemobj-cpp/build/CMakeFiles/CMakeTmp/testCCompiler.c
Linking C executable cmTC_93108
/usr/bin/cmake -E cmake_link_script CMakeFiles/cmTC_93108.dir/link.txt --verbose=1
/usr/bin/cc      -rdynamic CMakeFiles/cmTC_93108.dir/testCCompiler.c.o  -o cmTC_93108 
gmake[1]: Leaving directory '/home/swapnilh/pmdk-stuff/libpmemobj-cpp/build/CMakeFiles/CMakeTmp'


Detecting C compiler ABI info compiled with the following output:
Change Dir: /home/swapnilh/pmdk-stuff/libpmemobj-cpp/build/CMakeFiles/CMakeTmp

Run Build Command:"/usr/bin/gmake" "cmTC_5285e/fast"
/usr/bin/gmake -f CMakeFiles/cmTC_5285e.dir/build.make CMakeFiles/cmTC_5285e.dir/build
gmake[1]: Entering directory '/home/swapnilh/pmdk-stuff/libpmemobj-cpp/build/CMakeFiles/CMakeTmp'
Building C object CMakeFiles/cmTC_5285e.dir/CMakeCCompilerABI.c.o
/usr/bin/cc    -o CMakeFiles/cmTC_5285e.dir/CMakeCCompilerABI.c.o   -c /usr/share/cmake/Modules/CMakeCCompilerABI.c
Linking C executable cmTC_5285e
/usr/bin/cmake -E cmake_link_script CMakeFiles/cmTC_5285e.dir/link.txt --verbose=1
/usr/bin/cc     -v -rdynamic CMakeFiles/cmTC_5285e.dir/CMakeCCompilerABI.c.o  -o cmTC_5285e 
Using built-in specs.
COLLECT_GCC=/usr/bin/cc
COLLECT_LTO_WRAPPER=/usr/libexec/gcc/x86_64-redhat-linux/7/lto-wrapper
OFFLOAD_TARGET_NAMES=nvptx-none
OFFLOAD_TARGET_DEFAULT=1
Target: x86_64-redhat-linux
Configured with: ../configure --enable-bootstrap --enable-languages=c,c++,objc,obj-c++,fortran,ada,go,lto --prefix=/usr --mandir=/usr/share/man --infodir=/usr/share/info --with-bugurl=http://bugzilla.redhat.com/bugzilla --enable-shared --enable-threads=posix --enable-checking=release --enable-multilib --with-system-zlib --enable-__cxa_atexit --disable-libunwind-exceptions --enable-gnu-unique-object --enable-linker-build-id --with-gcc-major-version-only --with-linker-hash-style=gnu --enable-plugin --enable-initfini-array --with-isl --enable-libmpx --enable-offload-targets=nvptx-none --without-cuda-driver --enable-gnu-indirect-function --with-tune=generic --with-arch_32=i686 --build=x86_64-redhat-linux
Thread model: posix
gcc version 7.3.1 20180712 (Red Hat 7.3.1-6) (GCC) 
COMPILER_PATH=/usr/libexec/gcc/x86_64-redhat-linux/7/:/usr/libexec/gcc/x86_64-redhat-linux/7/:/usr/libexec/gcc/x86_64-redhat-linux/:/usr/lib/gcc/x86_64-redhat-linux/7/:/usr/lib/gcc/x86_64-redhat-linux/
LIBRARY_PATH=/usr/lib/gcc/x86_64-redhat-linux/7/:/usr/lib/gcc/x86_64-redhat-linux/7/../../../../lib64/:/lib/../lib64/:/usr/lib/../lib64/:/usr/lib/gcc/x86_64-redhat-linux/7/../../../:/lib/:/usr/lib/
COLLECT_GCC_OPTIONS='-v' '-rdynamic' '-o' 'cmTC_5285e' '-mtune=generic' '-march=x86-64'
 /usr/libexec/gcc/x86_64-redhat-linux/7/collect2 -plugin /usr/libexec/gcc/x86_64-redhat-linux/7/liblto_plugin.so -plugin-opt=/usr/libexec/gcc/x86_64-redhat-linux/7/lto-wrapper -plugin-opt=-fresolution=/tmp/ccUf2UtL.res -plugin-opt=-pass-through=-lgcc -plugin-opt=-pass-through=-lgcc_s -plugin-opt=-pass-through=-lc -plugin-opt=-pass-through=-lgcc -plugin-opt=-pass-through=-lgcc_s --build-id --no-add-needed --eh-frame-hdr --hash-style=gnu -m elf_x86_64 -export-dynamic -dynamic-linker /lib64/ld-linux-x86-64.so.2 -o cmTC_5285e /usr/lib/gcc/x86_64-redhat-linux/7/../../../../lib64/crt1.o /usr/lib/gcc/x86_64-redhat-linux/7/../../../../lib64/crti.o /usr/lib/gcc/x86_64-redhat-linux/7/crtbegin.o -L/usr/lib/gcc/x86_64-redhat-linux/7 -L/usr/lib/gcc/x86_64-redhat-linux/7/../../../../lib64 -L/lib/../lib64 -L/usr/lib/../lib64 -L/usr/lib/gcc/x86_64-redhat-linux/7/../../.. CMakeFiles/cmTC_5285e.dir/CMakeCCompilerABI.c.o -lgcc --as-needed -lgcc_s --no-as-needed -lc -lgcc --as-needed -lgcc_s --no-as-needed /usr/lib/gcc/x86_64-redhat-linux/7/crtend.o /usr/lib/gcc/x86_64-redhat-linux/7/../../../../lib64/crtn.o
COLLECT_GCC_OPTIONS='-v' '-rdynamic' '-o' 'cmTC_5285e' '-mtune=generic' '-march=x86-64'
gmake[1]: Leaving directory '/home/swapnilh/pmdk-stuff/libpmemobj-cpp/build/CMakeFiles/CMakeTmp'


Parsed C implicit link information from above output:
  link line regex: [^( *|.*[/\])(ld|CMAKE_LINK_STARTFILE-NOTFOUND|([^/\]+-)?ld|collect2)[^/\]*( |$)]
  ignore line: [Change Dir: /home/swapnilh/pmdk-stuff/libpmemobj-cpp/build/CMakeFiles/CMakeTmp]
  ignore line: []
  ignore line: [Run Build Command:"/usr/bin/gmake" "cmTC_5285e/fast"]
  ignore line: [/usr/bin/gmake -f CMakeFiles/cmTC_5285e.dir/build.make CMakeFiles/cmTC_5285e.dir/build]
  ignore line: [gmake[1]: Entering directory '/home/swapnilh/pmdk-stuff/libpmemobj-cpp/build/CMakeFiles/CMakeTmp']
  ignore line: [Building C object CMakeFiles/cmTC_5285e.dir/CMakeCCompilerABI.c.o]
  ignore line: [/usr/bin/cc    -o CMakeFiles/cmTC_5285e.dir/CMakeCCompilerABI.c.o   -c /usr/share/cmake/Modules/CMakeCCompilerABI.c]
  ignore line: [Linking C executable cmTC_5285e]
  ignore line: [/usr/bin/cmake -E cmake_link_script CMakeFiles/cmTC_5285e.dir/link.txt --verbose=1]
  ignore line: [/usr/bin/cc     -v -rdynamic CMakeFiles/cmTC_5285e.dir/CMakeCCompilerABI.c.o  -o cmTC_5285e ]
  ignore line: [Using built-in specs.]
  ignore line: [COLLECT_GCC=/usr/bin/cc]
  ignore line: [COLLECT_LTO_WRAPPER=/usr/libexec/gcc/x86_64-redhat-linux/7/lto-wrapper]
  ignore line: [OFFLOAD_TARGET_NAMES=nvptx-none]
  ignore line: [OFFLOAD_TARGET_DEFAULT=1]
  ignore line: [Target: x86_64-redhat-linux]
  ignore line: [Configured with: ../configure --enable-bootstrap --enable-languages=c,c++,objc,obj-c++,fortran,ada,go,lto --prefix=/usr --mandir=/usr/share/man --infodir=/usr/share/info --with-bugurl=http://bugzilla.redhat.com/bugzilla --enable-shared --enable-threads=posix --enable-checking=release --enable-multilib --with-system-zlib --enable-__cxa_atexit --disable-libunwind-exceptions --enable-gnu-unique-object --enable-linker-build-id --with-gcc-major-version-only --with-linker-hash-style=gnu --enable-plugin --enable-initfini-array --with-isl --enable-libmpx --enable-offload-targets=nvptx-none --without-cuda-driver --enable-gnu-indirect-function --with-tune=generic --with-arch_32=i686 --build=x86_64-redhat-linux]
  ignore line: [Thread model: posix]
  ignore line: [gcc version 7.3.1 20180712 (Red Hat 7.3.1-6) (GCC) ]
  ignore line: [COMPILER_PATH=/usr/libexec/gcc/x86_64-redhat-linux/7/:/usr/libexec/gcc/x86_64-redhat-linux/7/:/usr/libexec/gcc/x86_64-redhat-linux/:/usr/lib/gcc/x86_64-redhat-linux/7/:/usr/lib/gcc/x86_64-redhat-linux/]
  ignore line: [LIBRARY_PATH=/usr/lib/gcc/x86_64-redhat-linux/7/:/usr/lib/gcc/x86_64-redhat-linux/7/../../../../lib64/:/lib/../lib64/:/usr/lib/../lib64/:/usr/lib/gcc/x86_64-redhat-linux/7/../../../:/lib/:/usr/lib/]
  ignore line: [COLLECT_GCC_OPTIONS='-v' '-rdynamic' '-o' 'cmTC_5285e' '-mtune=generic' '-march=x86-64']
  link line: [ /usr/libexec/gcc/x86_64-redhat-linux/7/collect2 -plugin /usr/libexec/gcc/x86_64-redhat-linux/7/liblto_plugin.so -plugin-opt=/usr/libexec/gcc/x86_64-redhat-linux/7/lto-wrapper -plugin-opt=-fresolution=/tmp/ccUf2UtL.res -plugin-opt=-pass-through=-lgcc -plugin-opt=-pass-through=-lgcc_s -plugin-opt=-pass-through=-lc -plugin-opt=-pass-through=-lgcc -plugin-opt=-pass-through=-lgcc_s --build-id --no-add-needed --eh-frame-hdr --hash-style=gnu -m elf_x86_64 -export-dynamic -dynamic-linker /lib64/ld-linux-x86-64.so.2 -o cmTC_5285e /usr/lib/gcc/x86_64-redhat-linux/7/../../../../lib64/crt1.o /usr/lib/gcc/x86_64-redhat-linux/7/../../../../lib64/crti.o /usr/lib/gcc/x86_64-redhat-linux/7/crtbegin.o -L/usr/lib/gcc/x86_64-redhat-linux/7 -L/usr/lib/gcc/x86_64-redhat-linux/7/../../../../lib64 -L/lib/../lib64 -L/usr/lib/../lib64 -L/usr/lib/gcc/x86_64-redhat-linux/7/../../.. CMakeFiles/cmTC_5285e.dir/CMakeCCompilerABI.c.o -lgcc --as-needed -lgcc_s --no-as-needed -lc -lgcc --as-needed -lgcc_s --no-as-needed /usr/lib/gcc/x86_64-redhat-linux/7/crtend.o /usr/lib/gcc/x86_64-redhat-linux/7/../../../../lib64/crtn.o]
    arg [/usr/libexec/gcc/x86_64-redhat-linux/7/collect2] ==> ignore
    arg [-plugin] ==> ignore
    arg [/usr/libexec/gcc/x86_64-redhat-linux/7/liblto_plugin.so] ==> ignore
    arg [-plugin-opt=/usr/libexec/gcc/x86_64-redhat-linux/7/lto-wrapper] ==> ignore
    arg [-plugin-opt=-fresolution=/tmp/ccUf2UtL.res] ==> ignore
    arg [-plugin-opt=-pass-through=-lgcc] ==> ignore
    arg [-plugin-opt=-pass-through=-lgcc_s] ==> ignore
    arg [-plugin-opt=-pass-through=-lc] ==> ignore
    arg [-plugin-opt=-pass-through=-lgcc] ==> ignore
    arg [-plugin-opt=-pass-through=-lgcc_s] ==> ignore
    arg [--build-id] ==> ignore
    arg [--no-add-needed] ==> ignore
    arg [--eh-frame-hdr] ==> ignore
    arg [--hash-style=gnu] ==> ignore
    arg [-m] ==> ignore
    arg [elf_x86_64] ==> ignore
    arg [-export-dynamic] ==> ignore
    arg [-dynamic-linker] ==> ignore
    arg [/lib64/ld-linux-x86-64.so.2] ==> ignore
    arg [-o] ==> ignore
    arg [cmTC_5285e] ==> ignore
    arg [/usr/lib/gcc/x86_64-redhat-linux/7/../../../../lib64/crt1.o] ==> ignore
    arg [/usr/lib/gcc/x86_64-redhat-linux/7/../../../../lib64/crti.o] ==> ignore
    arg [/usr/lib/gcc/x86_64-redhat-linux/7/crtbegin.o] ==> ignore
    arg [-L/usr/lib/gcc/x86_64-redhat-linux/7] ==> dir [/usr/lib/gcc/x86_64-redhat-linux/7]
    arg [-L/usr/lib/gcc/x86_64-redhat-linux/7/../../../../lib64] ==> dir [/usr/lib/gcc/x86_64-redhat-linux/7/../../../../lib64]
    arg [-L/lib/../lib64] ==> dir [/lib/../lib64]
    arg [-L/usr/lib/../lib64] ==> dir [/usr/lib/../lib64]
    arg [-L/usr/lib/gcc/x86_64-redhat-linux/7/../../..] ==> dir [/usr/lib/gcc/x86_64-redhat-linux/7/../../..]
    arg [CMakeFiles/cmTC_5285e.dir/CMakeCCompilerABI.c.o] ==> ignore
    arg [-lgcc] ==> lib [gcc]
    arg [--as-needed] ==> ignore
    arg [-lgcc_s] ==> lib [gcc_s]
    arg [--no-as-needed] ==> ignore
    arg [-lc] ==> lib [c]
    arg [-lgcc] ==> lib [gcc]
    arg [--as-needed] ==> ignore
    arg [-lgcc_s] ==> lib [gcc_s]
    arg [--no-as-needed] ==> ignore
    arg [/usr/lib/gcc/x86_64-redhat-linux/7/crtend.o] ==> ignore
    arg [/usr/lib/gcc/x86_64-redhat-linux/7/../../../../lib64/crtn.o] ==> ignore
  collapse library dir [/usr/lib/gcc/x86_64-redhat-linux/7] ==> [/usr/lib/gcc/x86_64-redhat-linux/7]
  collapse library dir [/usr/lib/gcc/x86_64-redhat-linux/7/../../../../lib64] ==> [/usr/lib64]
  collapse library dir [/lib/../lib64] ==> [/lib64]
  collapse library dir [/usr/lib/../lib64] ==> [/usr/lib64]
  collapse library dir [/usr/lib/gcc/x86_64-redhat-linux/7/../../..] ==> [/usr/lib]
  implicit libs: [gcc;gcc_s;c;gcc;gcc_s]
  implicit dirs: [/usr/lib/gcc/x86_64-redhat-linux/7;/usr/lib64;/lib64;/usr/lib]
  implicit fwks: []




Detecting C [-std=c11] compiler features compiled with the following output:
Change Dir: /home/swapnilh/pmdk-stuff/libpmemobj-cpp/build/CMakeFiles/CMakeTmp

Run Build Command:"/usr/bin/gmake" "cmTC_4038c/fast"
/usr/bin/gmake -f CMakeFiles/cmTC_4038c.dir/build.make CMakeFiles/cmTC_4038c.dir/build
gmake[1]: Entering directory '/home/swapnilh/pmdk-stuff/libpmemobj-cpp/build/CMakeFiles/CMakeTmp'
Building C object CMakeFiles/cmTC_4038c.dir/feature_tests.c.o
/usr/bin/cc   -std=c11 -o CMakeFiles/cmTC_4038c.dir/feature_tests.c.o   -c /home/swapnilh/pmdk-stuff/libpmemobj-cpp/build/CMakeFiles/feature_tests.c
Linking C executable cmTC_4038c
/usr/bin/cmake -E cmake_link_script CMakeFiles/cmTC_4038c.dir/link.txt --verbose=1
/usr/bin/cc      -rdynamic CMakeFiles/cmTC_4038c.dir/feature_tests.c.o  -o cmTC_4038c 
gmake[1]: Leaving directory '/home/swapnilh/pmdk-stuff/libpmemobj-cpp/build/CMakeFiles/CMakeTmp'


    Feature record: C_FEATURE:1c_function_prototypes
    Feature record: C_FEATURE:1c_restrict
    Feature record: C_FEATURE:1c_static_assert
    Feature record: C_FEATURE:1c_variadic_macros


Detecting C [-std=c99] compiler features compiled with the following output:
Change Dir: /home/swapnilh/pmdk-stuff/libpmemobj-cpp/build/CMakeFiles/CMakeTmp

Run Build Command:"/usr/bin/gmake" "cmTC_5811c/fast"
/usr/bin/gmake -f CMakeFiles/cmTC_5811c.dir/build.make CMakeFiles/cmTC_5811c.dir/build
gmake[1]: Entering directory '/home/swapnilh/pmdk-stuff/libpmemobj-cpp/build/CMakeFiles/CMakeTmp'
Building C object CMakeFiles/cmTC_5811c.dir/feature_tests.c.o
/usr/bin/cc   -std=c99 -o CMakeFiles/cmTC_5811c.dir/feature_tests.c.o   -c /home/swapnilh/pmdk-stuff/libpmemobj-cpp/build/CMakeFiles/feature_tests.c
Linking C executable cmTC_5811c
/usr/bin/cmake -E cmake_link_script CMakeFiles/cmTC_5811c.dir/link.txt --verbose=1
/usr/bin/cc      -rdynamic CMakeFiles/cmTC_5811c.dir/feature_tests.c.o  -o cmTC_5811c 
gmake[1]: Leaving directory '/home/swapnilh/pmdk-stuff/libpmemobj-cpp/build/CMakeFiles/CMakeTmp'


    Feature record: C_FEATURE:1c_function_prototypes
    Feature record: C_FEATURE:1c_restrict
    Feature record: C_FEATURE:0c_static_assert
    Feature record: C_FEATURE:1c_variadic_macros


Detecting C [-std=c90] compiler features compiled with the following output:
Change Dir: /home/swapnilh/pmdk-stuff/libpmemobj-cpp/build/CMakeFiles/CMakeTmp

Run Build Command:"/usr/bin/gmake" "cmTC_6d5ff/fast"
/usr/bin/gmake -f CMakeFiles/cmTC_6d5ff.dir/build.make CMakeFiles/cmTC_6d5ff.dir/build
gmake[1]: Entering directory '/home/swapnilh/pmdk-stuff/libpmemobj-cpp/build/CMakeFiles/CMakeTmp'
Building C object CMakeFiles/cmTC_6d5ff.dir/feature_tests.c.o
/usr/bin/cc   -std=c90 -o CMakeFiles/cmTC_6d5ff.dir/feature_tests.c.o   -c /home/swapnilh/pmdk-stuff/libpmemobj-cpp/build/CMakeFiles/feature_tests.c
Linking C executable cmTC_6d5ff
/usr/bin/cmake -E cmake_link_script CMakeFiles/cmTC_6d5ff.dir/link.txt --verbose=1
/usr/bin/cc      -rdynamic CMakeFiles/cmTC_6d5ff.dir/feature_tests.c.o  -o cmTC_6d5ff 
gmake[1]: Leaving directory '/home/swapnilh/pmdk-stuff/libpmemobj-cpp/build/CMakeFiles/CMakeTmp'


    Feature record: C_FEATURE:1c_function_prototypes
    Feature record: C_FEATURE:0c_restrict
    Feature record: C_FEATURE:0c_static_assert
    Feature record: C_FEATURE:0c_variadic_macros
Determining if the CXX compiler works passed with the following output:
Change Dir: /home/swapnilh/pmdk-stuff/libpmemobj-cpp/build/CMakeFiles/CMakeTmp

Run Build Command:"/usr/bin/gmake" "cmTC_ef014/fast"
/usr/bin/gmake -f CMakeFiles/cmTC_ef014.dir/build.make CMakeFiles/cmTC_ef014.dir/build
gmake[1]: Entering directory '/home/swapnilh/pmdk-stuff/libpmemobj-cpp/build/CMakeFiles/CMakeTmp'
Building CXX object CMakeFiles/cmTC_ef014.dir/testCXXCompiler.cxx.o
/usr/bin/c++     -o CMakeFiles/cmTC_ef014.dir/testCXXCompiler.cxx.o -c /home/swapnilh/pmdk-stuff/libpmemobj-cpp/build/CMakeFiles/CMakeTmp/testCXXCompiler.cxx
Linking CXX executable cmTC_ef014
/usr/bin/cmake -E cmake_link_script CMakeFiles/cmTC_ef014.dir/link.txt --verbose=1
/usr/bin/c++       -rdynamic CMakeFiles/cmTC_ef014.dir/testCXXCompiler.cxx.o  -o cmTC_ef014 
gmake[1]: Leaving directory '/home/swapnilh/pmdk-stuff/libpmemobj-cpp/build/CMakeFiles/CMakeTmp'


Detecting CXX compiler ABI info compiled with the following output:
Change Dir: /home/swapnilh/pmdk-stuff/libpmemobj-cpp/build/CMakeFiles/CMakeTmp

Run Build Command:"/usr/bin/gmake" "cmTC_fdbb7/fast"
/usr/bin/gmake -f CMakeFiles/cmTC_fdbb7.dir/build.make CMakeFiles/cmTC_fdbb7.dir/build
gmake[1]: Entering directory '/home/swapnilh/pmdk-stuff/libpmemobj-cpp/build/CMakeFiles/CMakeTmp'
Building CXX object CMakeFiles/cmTC_fdbb7.dir/CMakeCXXCompilerABI.cpp.o
/usr/bin/c++     -o CMakeFiles/cmTC_fdbb7.dir/CMakeCXXCompilerABI.cpp.o -c /usr/share/cmake/Modules/CMakeCXXCompilerABI.cpp
Linking CXX executable cmTC_fdbb7
/usr/bin/cmake -E cmake_link_script CMakeFiles/cmTC_fdbb7.dir/link.txt --verbose=1
/usr/bin/c++      -v -rdynamic CMakeFiles/cmTC_fdbb7.dir/CMakeCXXCompilerABI.cpp.o  -o cmTC_fdbb7 
Using built-in specs.
COLLECT_GCC=/usr/bin/c++
COLLECT_LTO_WRAPPER=/usr/libexec/gcc/x86_64-redhat-linux/7/lto-wrapper
OFFLOAD_TARGET_NAMES=nvptx-none
OFFLOAD_TARGET_DEFAULT=1
Target: x86_64-redhat-linux
Configured with: ../configure --enable-bootstrap --enable-languages=c,c++,objc,obj-c++,fortran,ada,go,lto --prefix=/usr --mandir=/usr/share/man --infodir=/usr/share/info --with-bugurl=http://bugzilla.redhat.com/bugzilla --enable-shared --enable-threads=posix --enable-checking=release --enable-multilib --with-system-zlib --enable-__cxa_atexit --disable-libunwind-exceptions --enable-gnu-unique-object --enable-linker-build-id --with-gcc-major-version-only --with-linker-hash-style=gnu --enable-plugin --enable-initfini-array --with-isl --enable-libmpx --enable-offload-targets=nvptx-none --without-cuda-driver --enable-gnu-indirect-function --with-tune=generic --with-arch_32=i686 --build=x86_64-redhat-linux
Thread model: posix
gcc version 7.3.1 20180712 (Red Hat 7.3.1-6) (GCC) 
COMPILER_PATH=/usr/libexec/gcc/x86_64-redhat-linux/7/:/usr/libexec/gcc/x86_64-redhat-linux/7/:/usr/libexec/gcc/x86_64-redhat-linux/:/usr/lib/gcc/x86_64-redhat-linux/7/:/usr/lib/gcc/x86_64-redhat-linux/
LIBRARY_PATH=/usr/lib/gcc/x86_64-redhat-linux/7/:/usr/lib/gcc/x86_64-redhat-linux/7/../../../../lib64/:/lib/../lib64/:/usr/lib/../lib64/:/usr/lib/gcc/x86_64-redhat-linux/7/../../../:/lib/:/usr/lib/
COLLECT_GCC_OPTIONS='-v' '-rdynamic' '-o' 'cmTC_fdbb7' '-shared-libgcc' '-mtune=generic' '-march=x86-64'
 /usr/libexec/gcc/x86_64-redhat-linux/7/collect2 -plugin /usr/libexec/gcc/x86_64-redhat-linux/7/liblto_plugin.so -plugin-opt=/usr/libexec/gcc/x86_64-redhat-linux/7/lto-wrapper -plugin-opt=-fresolution=/tmp/cc6iGf9w.res -plugin-opt=-pass-through=-lgcc_s -plugin-opt=-pass-through=-lgcc -plugin-opt=-pass-through=-lc -plugin-opt=-pass-through=-lgcc_s -plugin-opt=-pass-through=-lgcc --build-id --no-add-needed --eh-frame-hdr --hash-style=gnu -m elf_x86_64 -export-dynamic -dynamic-linker /lib64/ld-linux-x86-64.so.2 -o cmTC_fdbb7 /usr/lib/gcc/x86_64-redhat-linux/7/../../../../lib64/crt1.o /usr/lib/gcc/x86_64-redhat-linux/7/../../../../lib64/crti.o /usr/lib/gcc/x86_64-redhat-linux/7/crtbegin.o -L/usr/lib/gcc/x86_64-redhat-linux/7 -L/usr/lib/gcc/x86_64-redhat-linux/7/../../../../lib64 -L/lib/../lib64 -L/usr/lib/../lib64 -L/usr/lib/gcc/x86_64-redhat-linux/7/../../.. CMakeFiles/cmTC_fdbb7.dir/CMakeCXXCompilerABI.cpp.o -lstdc++ -lm -lgcc_s -lgcc -lc -lgcc_s -lgcc /usr/lib/gcc/x86_64-redhat-linux/7/crtend.o /usr/lib/gcc/x86_64-redhat-linux/7/../../../../lib64/crtn.o
COLLECT_GCC_OPTIONS='-v' '-rdynamic' '-o' 'cmTC_fdbb7' '-shared-libgcc' '-mtune=generic' '-march=x86-64'
gmake[1]: Leaving directory '/home/swapnilh/pmdk-stuff/libpmemobj-cpp/build/CMakeFiles/CMakeTmp'


Parsed CXX implicit link information from above output:
  link line regex: [^( *|.*[/\])(ld|CMAKE_LINK_STARTFILE-NOTFOUND|([^/\]+-)?ld|collect2)[^/\]*( |$)]
  ignore line: [Change Dir: /home/swapnilh/pmdk-stuff/libpmemobj-cpp/build/CMakeFiles/CMakeTmp]
  ignore line: []
  ignore line: [Run Build Command:"/usr/bin/gmake" "cmTC_fdbb7/fast"]
  ignore line: [/usr/bin/gmake -f CMakeFiles/cmTC_fdbb7.dir/build.make CMakeFiles/cmTC_fdbb7.dir/build]
  ignore line: [gmake[1]: Entering directory '/home/swapnilh/pmdk-stuff/libpmemobj-cpp/build/CMakeFiles/CMakeTmp']
  ignore line: [Building CXX object CMakeFiles/cmTC_fdbb7.dir/CMakeCXXCompilerABI.cpp.o]
  ignore line: [/usr/bin/c++     -o CMakeFiles/cmTC_fdbb7.dir/CMakeCXXCompilerABI.cpp.o -c /usr/share/cmake/Modules/CMakeCXXCompilerABI.cpp]
  ignore line: [Linking CXX executable cmTC_fdbb7]
  ignore line: [/usr/bin/cmake -E cmake_link_script CMakeFiles/cmTC_fdbb7.dir/link.txt --verbose=1]
  ignore line: [/usr/bin/c++      -v -rdynamic CMakeFiles/cmTC_fdbb7.dir/CMakeCXXCompilerABI.cpp.o  -o cmTC_fdbb7 ]
  ignore line: [Using built-in specs.]
  ignore line: [COLLECT_GCC=/usr/bin/c++]
  ignore line: [COLLECT_LTO_WRAPPER=/usr/libexec/gcc/x86_64-redhat-linux/7/lto-wrapper]
  ignore line: [OFFLOAD_TARGET_NAMES=nvptx-none]
  ignore line: [OFFLOAD_TARGET_DEFAULT=1]
  ignore line: [Target: x86_64-redhat-linux]
  ignore line: [Configured with: ../configure --enable-bootstrap --enable-languages=c,c++,objc,obj-c++,fortran,ada,go,lto --prefix=/usr --mandir=/usr/share/man --infodir=/usr/share/info --with-bugurl=http://bugzilla.redhat.com/bugzilla --enable-shared --enable-threads=posix --enable-checking=release --enable-multilib --with-system-zlib --enable-__cxa_atexit --disable-libunwind-exceptions --enable-gnu-unique-object --enable-linker-build-id --with-gcc-major-version-only --with-linker-hash-style=gnu --enable-plugin --enable-initfini-array --with-isl --enable-libmpx --enable-offload-targets=nvptx-none --without-cuda-driver --enable-gnu-indirect-function --with-tune=generic --with-arch_32=i686 --build=x86_64-redhat-linux]
  ignore line: [Thread model: posix]
  ignore line: [gcc version 7.3.1 20180712 (Red Hat 7.3.1-6) (GCC) ]
  ignore line: [COMPILER_PATH=/usr/libexec/gcc/x86_64-redhat-linux/7/:/usr/libexec/gcc/x86_64-redhat-linux/7/:/usr/libexec/gcc/x86_64-redhat-linux/:/usr/lib/gcc/x86_64-redhat-linux/7/:/usr/lib/gcc/x86_64-redhat-linux/]
  ignore line: [LIBRARY_PATH=/usr/lib/gcc/x86_64-redhat-linux/7/:/usr/lib/gcc/x86_64-redhat-linux/7/../../../../lib64/:/lib/../lib64/:/usr/lib/../lib64/:/usr/lib/gcc/x86_64-redhat-linux/7/../../../:/lib/:/usr/lib/]
  ignore line: [COLLECT_GCC_OPTIONS='-v' '-rdynamic' '-o' 'cmTC_fdbb7' '-shared-libgcc' '-mtune=generic' '-march=x86-64']
  link line: [ /usr/libexec/gcc/x86_64-redhat-linux/7/collect2 -plugin /usr/libexec/gcc/x86_64-redhat-linux/7/liblto_plugin.so -plugin-opt=/usr/libexec/gcc/x86_64-redhat-linux/7/lto-wrapper -plugin-opt=-fresolution=/tmp/cc6iGf9w.res -plugin-opt=-pass-through=-lgcc_s -plugin-opt=-pass-through=-lgcc -plugin-opt=-pass-through=-lc -plugin-opt=-pass-through=-lgcc_s -plugin-opt=-pass-through=-lgcc --build-id --no-add-needed --eh-frame-hdr --hash-style=gnu -m elf_x86_64 -export-dynamic -dynamic-linker /lib64/ld-linux-x86-64.so.2 -o cmTC_fdbb7 /usr/lib/gcc/x86_64-redhat-linux/7/../../../../lib64/crt1.o /usr/lib/gcc/x86_64-redhat-linux/7/../../../../lib64/crti.o /usr/lib/gcc/x86_64-redhat-linux/7/crtbegin.o -L/usr/lib/gcc/x86_64-redhat-linux/7 -L/usr/lib/gcc/x86_64-redhat-linux/7/../../../../lib64 -L/lib/../lib64 -L/usr/lib/../lib64 -L/usr/lib/gcc/x86_64-redhat-linux/7/../../.. CMakeFiles/cmTC_fdbb7.dir/CMakeCXXCompilerABI.cpp.o -lstdc++ -lm -lgcc_s -lgcc -lc -lgcc_s -lgcc /usr/lib/gcc/x86_64-redhat-linux/7/crtend.o /usr/lib/gcc/x86_64-redhat-linux/7/../../../../lib64/crtn.o]
    arg [/usr/libexec/gcc/x86_64-redhat-linux/7/collect2] ==> ignore
    arg [-plugin] ==> ignore
    arg [/usr/libexec/gcc/x86_64-redhat-linux/7/liblto_plugin.so] ==> ignore
    arg [-plugin-opt=/usr/libexec/gcc/x86_64-redhat-linux/7/lto-wrapper] ==> ignore
    arg [-plugin-opt=-fresolution=/tmp/cc6iGf9w.res] ==> ignore
    arg [-plugin-opt=-pass-through=-lgcc_s] ==> ignore
    arg [-plugin-opt=-pass-through=-lgcc] ==> ignore
    arg [-plugin-opt=-pass-through=-lc] ==> ignore
    arg [-plugin-opt=-pass-through=-lgcc_s] ==> ignore
    arg [-plugin-opt=-pass-through=-lgcc] ==> ignore
    arg [--build-id] ==> ignore
    arg [--no-add-needed] ==> ignore
    arg [--eh-frame-hdr] ==> ignore
    arg [--hash-style=gnu] ==> ignore
    arg [-m] ==> ignore
    arg [elf_x86_64] ==> ignore
    arg [-export-dynamic] ==> ignore
    arg [-dynamic-linker] ==> ignore
    arg [/lib64/ld-linux-x86-64.so.2] ==> ignore
    arg [-o] ==> ignore
    arg [cmTC_fdbb7] ==> ignore
    arg [/usr/lib/gcc/x86_64-redhat-linux/7/../../../../lib64/crt1.o] ==> ignore
    arg [/usr/lib/gcc/x86_64-redhat-linux/7/../../../../lib64/crti.o] ==> ignore
    arg [/usr/lib/gcc/x86_64-redhat-linux/7/crtbegin.o] ==> ignore
    arg [-L/usr/lib/gcc/x86_64-redhat-linux/7] ==> dir [/usr/lib/gcc/x86_64-redhat-linux/7]
    arg [-L/usr/lib/gcc/x86_64-redhat-linux/7/../../../../lib64] ==> dir [/usr/lib/gcc/x86_64-redhat-linux/7/../../../../lib64]
    arg [-L/lib/../lib64] ==> dir [/lib/../lib64]
    arg [-L/usr/lib/../lib64] ==> dir [/usr/lib/../lib64]
    arg [-L/usr/lib/gcc/x86_64-redhat-linux/7/../../..] ==> dir [/usr/lib/gcc/x86_64-redhat-linux/7/../../..]
    arg [CMakeFiles/cmTC_fdbb7.dir/CMakeCXXCompilerABI.cpp.o] ==> ignore
    arg [-lstdc++] ==> lib [stdc++]
    arg [-lm] ==> lib [m]
    arg [-lgcc_s] ==> lib [gcc_s]
    arg [-lgcc] ==> lib [gcc]
    arg [-lc] ==> lib [c]
    arg [-lgcc_s] ==> lib [gcc_s]
    arg [-lgcc] ==> lib [gcc]
    arg [/usr/lib/gcc/x86_64-redhat-linux/7/crtend.o] ==> ignore
    arg [/usr/lib/gcc/x86_64-redhat-linux/7/../../../../lib64/crtn.o] ==> ignore
  collapse library dir [/usr/lib/gcc/x86_64-redhat-linux/7] ==> [/usr/lib/gcc/x86_64-redhat-linux/7]
  collapse library dir [/usr/lib/gcc/x86_64-redhat-linux/7/../../../../lib64] ==> [/usr/lib64]
  collapse library dir [/lib/../lib64] ==> [/lib64]
  collapse library dir [/usr/lib/../lib64] ==> [/usr/lib64]
  collapse library dir [/usr/lib/gcc/x86_64-redhat-linux/7/../../..] ==> [/usr/lib]
  implicit libs: [stdc++;m;gcc_s;gcc;c;gcc_s;gcc]
  implicit dirs: [/usr/lib/gcc/x86_64-redhat-linux/7;/usr/lib64;/lib64;/usr/lib]
  implicit fwks: []




Detecting CXX [-std=c++1z] compiler features compiled with the following output:
Change Dir: /home/swapnilh/pmdk-stuff/libpmemobj-cpp/build/CMakeFiles/CMakeTmp

Run Build Command:"/usr/bin/gmake" "cmTC_b9a48/fast"
/usr/bin/gmake -f CMakeFiles/cmTC_b9a48.dir/build.make CMakeFiles/cmTC_b9a48.dir/build
gmake[1]: Entering directory '/home/swapnilh/pmdk-stuff/libpmemobj-cpp/build/CMakeFiles/CMakeTmp'
Building CXX object CMakeFiles/cmTC_b9a48.dir/feature_tests.cxx.o
/usr/bin/c++    -std=c++1z -o CMakeFiles/cmTC_b9a48.dir/feature_tests.cxx.o -c /home/swapnilh/pmdk-stuff/libpmemobj-cpp/build/CMakeFiles/feature_tests.cxx
Linking CXX executable cmTC_b9a48
/usr/bin/cmake -E cmake_link_script CMakeFiles/cmTC_b9a48.dir/link.txt --verbose=1
/usr/bin/c++       -rdynamic CMakeFiles/cmTC_b9a48.dir/feature_tests.cxx.o  -o cmTC_b9a48 
gmake[1]: Leaving directory '/home/swapnilh/pmdk-stuff/libpmemobj-cpp/build/CMakeFiles/CMakeTmp'


    Feature record: CXX_FEATURE:1cxx_aggregate_default_initializers
    Feature record: CXX_FEATURE:1cxx_alias_templates
    Feature record: CXX_FEATURE:1cxx_alignas
    Feature record: CXX_FEATURE:1cxx_alignof
    Feature record: CXX_FEATURE:1cxx_attributes
    Feature record: CXX_FEATURE:1cxx_attribute_deprecated
    Feature record: CXX_FEATURE:1cxx_auto_type
    Feature record: CXX_FEATURE:1cxx_binary_literals
    Feature record: CXX_FEATURE:1cxx_constexpr
    Feature record: CXX_FEATURE:1cxx_contextual_conversions
    Feature record: CXX_FEATURE:1cxx_decltype
    Feature record: CXX_FEATURE:1cxx_decltype_auto
    Feature record: CXX_FEATURE:1cxx_decltype_incomplete_return_types
    Feature record: CXX_FEATURE:1cxx_default_function_template_args
    Feature record: CXX_FEATURE:1cxx_defaulted_functions
    Feature record: CXX_FEATURE:1cxx_defaulted_move_initializers
    Feature record: CXX_FEATURE:1cxx_delegating_constructors
    Feature record: CXX_FEATURE:1cxx_deleted_functions
    Feature record: CXX_FEATURE:1cxx_digit_separators
    Feature record: CXX_FEATURE:1cxx_enum_forward_declarations
    Feature record: CXX_FEATURE:1cxx_explicit_conversions
    Feature record: CXX_FEATURE:1cxx_extended_friend_declarations
    Feature record: CXX_FEATURE:1cxx_extern_templates
    Feature record: CXX_FEATURE:1cxx_final
    Feature record: CXX_FEATURE:1cxx_func_identifier
    Feature record: CXX_FEATURE:1cxx_generalized_initializers
    Feature record: CXX_FEATURE:1cxx_generic_lambdas
    Feature record: CXX_FEATURE:1cxx_inheriting_constructors
    Feature record: CXX_FEATURE:1cxx_inline_namespaces
    Feature record: CXX_FEATURE:1cxx_lambdas
    Feature record: CXX_FEATURE:1cxx_lambda_init_captures
    Feature record: CXX_FEATURE:1cxx_local_type_template_args
    Feature record: CXX_FEATURE:1cxx_long_long_type
    Feature record: CXX_FEATURE:1cxx_noexcept
    Feature record: CXX_FEATURE:1cxx_nonstatic_member_init
    Feature record: CXX_FEATURE:1cxx_nullptr
    Feature record: CXX_FEATURE:1cxx_override
    Feature record: CXX_FEATURE:1cxx_range_for
    Feature record: CXX_FEATURE:1cxx_raw_string_literals
    Feature record: CXX_FEATURE:1cxx_reference_qualified_functions
    Feature record: CXX_FEATURE:1cxx_relaxed_constexpr
    Feature record: CXX_FEATURE:1cxx_return_type_deduction
    Feature record: CXX_FEATURE:1cxx_right_angle_brackets
    Feature record: CXX_FEATURE:1cxx_rvalue_references
    Feature record: CXX_FEATURE:1cxx_sizeof_member
    Feature record: CXX_FEATURE:1cxx_static_assert
    Feature record: CXX_FEATURE:1cxx_strong_enums
    Feature record: CXX_FEATURE:1cxx_template_template_parameters
    Feature record: CXX_FEATURE:1cxx_thread_local
    Feature record: CXX_FEATURE:1cxx_trailing_return_types
    Feature record: CXX_FEATURE:1cxx_unicode_literals
    Feature record: CXX_FEATURE:1cxx_uniform_initialization
    Feature record: CXX_FEATURE:1cxx_unrestricted_unions
    Feature record: CXX_FEATURE:1cxx_user_literals
    Feature record: CXX_FEATURE:1cxx_variable_templates
    Feature record: CXX_FEATURE:1cxx_variadic_macros
    Feature record: CXX_FEATURE:1cxx_variadic_templates


Detecting CXX [-std=c++14] compiler features compiled with the following output:
Change Dir: /home/swapnilh/pmdk-stuff/libpmemobj-cpp/build/CMakeFiles/CMakeTmp

Run Build Command:"/usr/bin/gmake" "cmTC_1390e/fast"
/usr/bin/gmake -f CMakeFiles/cmTC_1390e.dir/build.make CMakeFiles/cmTC_1390e.dir/build
gmake[1]: Entering directory '/home/swapnilh/pmdk-stuff/libpmemobj-cpp/build/CMakeFiles/CMakeTmp'
Building CXX object CMakeFiles/cmTC_1390e.dir/feature_tests.cxx.o
/usr/bin/c++    -std=c++14 -o CMakeFiles/cmTC_1390e.dir/feature_tests.cxx.o -c /home/swapnilh/pmdk-stuff/libpmemobj-cpp/build/CMakeFiles/feature_tests.cxx
Linking CXX executable cmTC_1390e
/usr/bin/cmake -E cmake_link_script CMakeFiles/cmTC_1390e.dir/link.txt --verbose=1
/usr/bin/c++       -rdynamic CMakeFiles/cmTC_1390e.dir/feature_tests.cxx.o  -o cmTC_1390e 
gmake[1]: Leaving directory '/home/swapnilh/pmdk-stuff/libpmemobj-cpp/build/CMakeFiles/CMakeTmp'


    Feature record: CXX_FEATURE:1cxx_aggregate_default_initializers
    Feature record: CXX_FEATURE:1cxx_alias_templates
    Feature record: CXX_FEATURE:1cxx_alignas
    Feature record: CXX_FEATURE:1cxx_alignof
    Feature record: CXX_FEATURE:1cxx_attributes
    Feature record: CXX_FEATURE:1cxx_attribute_deprecated
    Feature record: CXX_FEATURE:1cxx_auto_type
    Feature record: CXX_FEATURE:1cxx_binary_literals
    Feature record: CXX_FEATURE:1cxx_constexpr
    Feature record: CXX_FEATURE:1cxx_contextual_conversions
    Feature record: CXX_FEATURE:1cxx_decltype
    Feature record: CXX_FEATURE:1cxx_decltype_auto
    Feature record: CXX_FEATURE:1cxx_decltype_incomplete_return_types
    Feature record: CXX_FEATURE:1cxx_default_function_template_args
    Feature record: CXX_FEATURE:1cxx_defaulted_functions
    Feature record: CXX_FEATURE:1cxx_defaulted_move_initializers
    Feature record: CXX_FEATURE:1cxx_delegating_constructors
    Feature record: CXX_FEATURE:1cxx_deleted_functions
    Feature record: CXX_FEATURE:1cxx_digit_separators
    Feature record: CXX_FEATURE:1cxx_enum_forward_declarations
    Feature record: CXX_FEATURE:1cxx_explicit_conversions
    Feature record: CXX_FEATURE:1cxx_extended_friend_declarations
    Feature record: CXX_FEATURE:1cxx_extern_templates
    Feature record: CXX_FEATURE:1cxx_final
    Feature record: CXX_FEATURE:1cxx_func_identifier
    Feature record: CXX_FEATURE:1cxx_generalized_initializers
    Feature record: CXX_FEATURE:1cxx_generic_lambdas
    Feature record: CXX_FEATURE:1cxx_inheriting_constructors
    Feature record: CXX_FEATURE:1cxx_inline_namespaces
    Feature record: CXX_FEATURE:1cxx_lambdas
    Feature record: CXX_FEATURE:1cxx_lambda_init_captures
    Feature record: CXX_FEATURE:1cxx_local_type_template_args
    Feature record: CXX_FEATURE:1cxx_long_long_type
    Feature record: CXX_FEATURE:1cxx_noexcept
    Feature record: CXX_FEATURE:1cxx_nonstatic_member_init
    Feature record: CXX_FEATURE:1cxx_nullptr
    Feature record: CXX_FEATURE:1cxx_override
    Feature record: CXX_FEATURE:1cxx_range_for
    Feature record: CXX_FEATURE:1cxx_raw_string_literals
    Feature record: CXX_FEATURE:1cxx_reference_qualified_functions
    Feature record: CXX_FEATURE:1cxx_relaxed_constexpr
    Feature record: CXX_FEATURE:1cxx_return_type_deduction
    Feature record: CXX_FEATURE:1cxx_right_angle_brackets
    Feature record: CXX_FEATURE:1cxx_rvalue_references
    Feature record: CXX_FEATURE:1cxx_sizeof_member
    Feature record: CXX_FEATURE:1cxx_static_assert
    Feature record: CXX_FEATURE:1cxx_strong_enums
    Feature record: CXX_FEATURE:1cxx_template_template_parameters
    Feature record: CXX_FEATURE:1cxx_thread_local
    Feature record: CXX_FEATURE:1cxx_trailing_return_types
    Feature record: CXX_FEATURE:1cxx_unicode_literals
    Feature record: CXX_FEATURE:1cxx_uniform_initialization
    Feature record: CXX_FEATURE:1cxx_unrestricted_unions
    Feature record: CXX_FEATURE:1cxx_user_literals
    Feature record: CXX_FEATURE:1cxx_variable_templates
    Feature record: CXX_FEATURE:1cxx_variadic_macros
    Feature record: CXX_FEATURE:1cxx_variadic_templates


Detecting CXX [-std=c++11] compiler features compiled with the following output:
Change Dir: /home/swapnilh/pmdk-stuff/libpmemobj-cpp/build/CMakeFiles/CMakeTmp

Run Build Command:"/usr/bin/gmake" "cmTC_7ad09/fast"
/usr/bin/gmake -f CMakeFiles/cmTC_7ad09.dir/build.make CMakeFiles/cmTC_7ad09.dir/build
gmake[1]: Entering directory '/home/swapnilh/pmdk-stuff/libpmemobj-cpp/build/CMakeFiles/CMakeTmp'
Building CXX object CMakeFiles/cmTC_7ad09.dir/feature_tests.cxx.o
/usr/bin/c++    -std=c++11 -o CMakeFiles/cmTC_7ad09.dir/feature_tests.cxx.o -c /home/swapnilh/pmdk-stuff/libpmemobj-cpp/build/CMakeFiles/feature_tests.cxx
Linking CXX executable cmTC_7ad09
/usr/bin/cmake -E cmake_link_script CMakeFiles/cmTC_7ad09.dir/link.txt --verbose=1
/usr/bin/c++       -rdynamic CMakeFiles/cmTC_7ad09.dir/feature_tests.cxx.o  -o cmTC_7ad09 
gmake[1]: Leaving directory '/home/swapnilh/pmdk-stuff/libpmemobj-cpp/build/CMakeFiles/CMakeTmp'


    Feature record: CXX_FEATURE:0cxx_aggregate_default_initializers
    Feature record: CXX_FEATURE:1cxx_alias_templates
    Feature record: CXX_FEATURE:1cxx_alignas
    Feature record: CXX_FEATURE:1cxx_alignof
    Feature record: CXX_FEATURE:1cxx_attributes
    Feature record: CXX_FEATURE:0cxx_attribute_deprecated
    Feature record: CXX_FEATURE:1cxx_auto_type
    Feature record: CXX_FEATURE:0cxx_binary_literals
    Feature record: CXX_FEATURE:1cxx_constexpr
    Feature record: CXX_FEATURE:0cxx_contextual_conversions
    Feature record: CXX_FEATURE:1cxx_decltype
    Feature record: CXX_FEATURE:0cxx_decltype_auto
    Feature record: CXX_FEATURE:1cxx_decltype_incomplete_return_types
    Feature record: CXX_FEATURE:1cxx_default_function_template_args
    Feature record: CXX_FEATURE:1cxx_defaulted_functions
    Feature record: CXX_FEATURE:1cxx_defaulted_move_initializers
    Feature record: CXX_FEATURE:1cxx_delegating_constructors
    Feature record: CXX_FEATURE:1cxx_deleted_functions
    Feature record: CXX_FEATURE:0cxx_digit_separators
    Feature record: CXX_FEATURE:1cxx_enum_forward_declarations
    Feature record: CXX_FEATURE:1cxx_explicit_conversions
    Feature record: CXX_FEATURE:1cxx_extended_friend_declarations
    Feature record: CXX_FEATURE:1cxx_extern_templates
    Feature record: CXX_FEATURE:1cxx_final
    Feature record: CXX_FEATURE:1cxx_func_identifier
    Feature record: CXX_FEATURE:1cxx_generalized_initializers
    Feature record: CXX_FEATURE:0cxx_generic_lambdas
    Feature record: CXX_FEATURE:1cxx_inheriting_constructors
    Feature record: CXX_FEATURE:1cxx_inline_namespaces
    Feature record: CXX_FEATURE:1cxx_lambdas
    Feature record: CXX_FEATURE:0cxx_lambda_init_captures
    Feature record: CXX_FEATURE:1cxx_local_type_template_args
    Feature record: CXX_FEATURE:1cxx_long_long_type
    Feature record: CXX_FEATURE:1cxx_noexcept
    Feature record: CXX_FEATURE:1cxx_nonstatic_member_init
    Feature record: CXX_FEATURE:1cxx_nullptr
    Feature record: CXX_FEATURE:1cxx_override
    Feature record: CXX_FEATURE:1cxx_range_for
    Feature record: CXX_FEATURE:1cxx_raw_string_literals
    Feature record: CXX_FEATURE:1cxx_reference_qualified_functions
    Feature record: CXX_FEATURE:0cxx_relaxed_constexpr
    Feature record: CXX_FEATURE:0cxx_return_type_deduction
    Feature record: CXX_FEATURE:1cxx_right_angle_brackets
    Feature record: CXX_FEATURE:1cxx_rvalue_references
    Feature record: CXX_FEATURE:1cxx_sizeof_member
    Feature record: CXX_FEATURE:1cxx_static_assert
    Feature record: CXX_FEATURE:1cxx_strong_enums
    Feature record: CXX_FEATURE:1cxx_template_template_parameters
    Feature record: CXX_FEATURE:1cxx_thread_local
    Feature record: CXX_FEATURE:1cxx_trailing_return_types
    Feature record: CXX_FEATURE:1cxx_unicode_literals
    Feature record: CXX_FEATURE:1cxx_uniform_initialization
    Feature record: CXX_FEATURE:1cxx_unrestricted_unions
    Feature record: CXX_FEATURE:1cxx_user_literals
    Feature record: CXX_FEATURE:0cxx_variable_templates
    Feature record: CXX_FEATURE:1cxx_variadic_macros
    Feature record: CXX_FEATURE:1cxx_variadic_templates


Detecting CXX [-std=c++98] compiler features compiled with the following output:
Change Dir: /home/swapnilh/pmdk-stuff/libpmemobj-cpp/build/CMakeFiles/CMakeTmp

Run Build Command:"/usr/bin/gmake" "cmTC_778a0/fast"
/usr/bin/gmake -f CMakeFiles/cmTC_778a0.dir/build.make CMakeFiles/cmTC_778a0.dir/build
gmake[1]: Entering directory '/home/swapnilh/pmdk-stuff/libpmemobj-cpp/build/CMakeFiles/CMakeTmp'
Building CXX object CMakeFiles/cmTC_778a0.dir/feature_tests.cxx.o
/usr/bin/c++    -std=c++98 -o CMakeFiles/cmTC_778a0.dir/feature_tests.cxx.o -c /home/swapnilh/pmdk-stuff/libpmemobj-cpp/build/CMakeFiles/feature_tests.cxx
Linking CXX executable cmTC_778a0
/usr/bin/cmake -E cmake_link_script CMakeFiles/cmTC_778a0.dir/link.txt --verbose=1
/usr/bin/c++       -rdynamic CMakeFiles/cmTC_778a0.dir/feature_tests.cxx.o  -o cmTC_778a0 
gmake[1]: Leaving directory '/home/swapnilh/pmdk-stuff/libpmemobj-cpp/build/CMakeFiles/CMakeTmp'


    Feature record: CXX_FEATURE:0cxx_aggregate_default_initializers
    Feature record: CXX_FEATURE:0cxx_alias_templates
    Feature record: CXX_FEATURE:0cxx_alignas
    Feature record: CXX_FEATURE:0cxx_alignof
    Feature record: CXX_FEATURE:0cxx_attributes
    Feature record: CXX_FEATURE:0cxx_attribute_deprecated
    Feature record: CXX_FEATURE:0cxx_auto_type
    Feature record: CXX_FEATURE:0cxx_binary_literals
    Feature record: CXX_FEATURE:0cxx_constexpr
    Feature record: CXX_FEATURE:0cxx_contextual_conversions
    Feature record: CXX_FEATURE:0cxx_decltype
    Feature record: CXX_FEATURE:0cxx_decltype_auto
    Feature record: CXX_FEATURE:0cxx_decltype_incomplete_return_types
    Feature record: CXX_FEATURE:0cxx_default_function_template_args
    Feature record: CXX_FEATURE:0cxx_defaulted_functions
    Feature record: CXX_FEATURE:0cxx_defaulted_move_initializers
    Feature record: CXX_FEATURE:0cxx_delegating_constructors
    Feature record: CXX_FEATURE:0cxx_deleted_functions
    Feature record: CXX_FEATURE:0cxx_digit_separators
    Feature record: CXX_FEATURE:0cxx_enum_forward_declarations
    Feature record: CXX_FEATURE:0cxx_explicit_conversions
    Feature record: CXX_FEATURE:0cxx_extended_friend_declarations
    Feature record: CXX_FEATURE:0cxx_extern_templates
    Feature record: CXX_FEATURE:0cxx_final
    Feature record: CXX_FEATURE:0cxx_func_identifier
    Feature record: CXX_FEATURE:0cxx_generalized_initializers
    Feature record: CXX_FEATURE:0cxx_generic_lambdas
    Feature record: CXX_FEATURE:0cxx_inheriting_constructors
    Feature record: CXX_FEATURE:0cxx_inline_namespaces
    Feature record: CXX_FEATURE:0cxx_lambdas
    Feature record: CXX_FEATURE:0cxx_lambda_init_captures
    Feature record: CXX_FEATURE:0cxx_local_type_template_args
    Feature record: CXX_FEATURE:0cxx_long_long_type
    Feature record: CXX_FEATURE:0cxx_noexcept
    Feature record: CXX_FEATURE:0cxx_nonstatic_member_init
    Feature record: CXX_FEATURE:0cxx_nullptr
    Feature record: CXX_FEATURE:0cxx_override
    Feature record: CXX_FEATURE:0cxx_range_for
    Feature record: CXX_FEATURE:0cxx_raw_string_literals
    Feature record: CXX_FEATURE:0cxx_reference_qualified_functions
    Feature record: CXX_FEATURE:0cxx_relaxed_constexpr
    Feature record: CXX_FEATURE:0cxx_return_type_deduction
    Feature record: CXX_FEATURE:0cxx_right_angle_brackets
    Feature record: CXX_FEATURE:0cxx_rvalue_references
    Feature record: CXX_FEATURE:0cxx_sizeof_member
    Feature record: CXX_FEATURE:0cxx_static_assert
    Feature record: CXX_FEATURE:0cxx_strong_enums
    Feature record: CXX_FEATURE:1cxx_template_template_parameters
    Feature record: CXX_FEATURE:0cxx_thread_local
    Feature record: CXX_FEATURE:0cxx_trailing_return_types
    Feature record: CXX_FEATURE:0cxx_unicode_literals
    Feature record: CXX_FEATURE:0cxx_uniform_initialization
    Feature record: CXX_FEATURE:0cxx_unrestricted_unions
    Feature record: CXX_FEATURE:0cxx_user_literals
    Feature record: CXX_FEATURE:0cxx_variable_templates
    Feature record: CXX_FEATURE:0cxx_variadic_macros
    Feature record: CXX_FEATURE:0cxx_variadic_templates
Determining if the include file pthread.h exists passed with the following output:
Change Dir: /home/swapnilh/pmdk-stuff/libpmemobj-cpp/build/CMakeFiles/CMakeTmp

Run Build Command:"/usr/bin/gmake" "cmTC_f3f92/fast"
/usr/bin/gmake -f CMakeFiles/cmTC_f3f92.dir/build.make CMakeFiles/cmTC_f3f92.dir/build
gmake[1]: Entering directory '/home/swapnilh/pmdk-stuff/libpmemobj-cpp/build/CMakeFiles/CMakeTmp'
Building C object CMakeFiles/cmTC_f3f92.dir/CheckIncludeFile.c.o
/usr/bin/cc    -o CMakeFiles/cmTC_f3f92.dir/CheckIncludeFile.c.o   -c /home/swapnilh/pmdk-stuff/libpmemobj-cpp/build/CMakeFiles/CMakeTmp/CheckIncludeFile.c
Linking C executable cmTC_f3f92
/usr/bin/cmake -E cmake_link_script CMakeFiles/cmTC_f3f92.dir/link.txt --verbose=1
/usr/bin/cc      -rdynamic CMakeFiles/cmTC_f3f92.dir/CheckIncludeFile.c.o  -o cmTC_f3f92 
gmake[1]: Leaving directory '/home/swapnilh/pmdk-stuff/libpmemobj-cpp/build/CMakeFiles/CMakeTmp'


Determining if the function pthread_create exists in the pthread passed with the following output:
Change Dir: /home/swapnilh/pmdk-stuff/libpmemobj-cpp/build/CMakeFiles/CMakeTmp

Run Build Command:"/usr/bin/gmake" "cmTC_0e653/fast"
/usr/bin/gmake -f CMakeFiles/cmTC_0e653.dir/build.make CMakeFiles/cmTC_0e653.dir/build
gmake[1]: Entering directory '/home/swapnilh/pmdk-stuff/libpmemobj-cpp/build/CMakeFiles/CMakeTmp'
Building C object CMakeFiles/cmTC_0e653.dir/CheckFunctionExists.c.o
/usr/bin/cc   -DCHECK_FUNCTION_EXISTS=pthread_create   -o CMakeFiles/cmTC_0e653.dir/CheckFunctionExists.c.o   -c /usr/share/cmake/Modules/CheckFunctionExists.c
Linking C executable cmTC_0e653
/usr/bin/cmake -E cmake_link_script CMakeFiles/cmTC_0e653.dir/link.txt --verbose=1
/usr/bin/cc  -DCHECK_FUNCTION_EXISTS=pthread_create    -rdynamic CMakeFiles/cmTC_0e653.dir/CheckFunctionExists.c.o  -o cmTC_0e653 -lpthread 
gmake[1]: Leaving directory '/home/swapnilh/pmdk-stuff/libpmemobj-cpp/build/CMakeFiles/CMakeTmp'


Performing C++ SOURCE FILE Test PMEMVLT_PRESENT succeeded with the following output:
Change Dir: /home/swapnilh/pmdk-stuff/libpmemobj-cpp/build/CMakeFiles/CMakeTmp

Run Build Command:"/usr/bin/gmake" "cmTC_cd92b/fast"
/usr/bin/gmake -f CMakeFiles/cmTC_cd92b.dir/build.make CMakeFiles/cmTC_cd92b.dir/build
gmake[1]: Entering directory '/home/swapnilh/pmdk-stuff/libpmemobj-cpp/build/CMakeFiles/CMakeTmp'
Building CXX object CMakeFiles/cmTC_cd92b.dir/src.cxx.o
/usr/bin/c++   -I/usr/local/include  -DPMEMVLT_PRESENT   -o CMakeFiles/cmTC_cd92b.dir/src.cxx.o -c /home/swapnilh/pmdk-stuff/libpmemobj-cpp/build/CMakeFiles/CMakeTmp/src.cxx
Linking CXX executable cmTC_cd92b
/usr/bin/cmake -E cmake_link_script CMakeFiles/cmTC_cd92b.dir/link.txt --verbose=1
/usr/bin/c++   -DPMEMVLT_PRESENT    -rdynamic CMakeFiles/cmTC_cd92b.dir/src.cxx.o  -o cmTC_cd92b 
gmake[1]: Leaving directory '/home/swapnilh/pmdk-stuff/libpmemobj-cpp/build/CMakeFiles/CMakeTmp'

Source file was:
#include <libpmemobj.h>
	struct pmemvlt vlt;
	int main() {}
Performing C++ SOURCE FILE Test NO_GCC_VARIADIC_TEMPLATE_BUG succeeded with the following output:
Change Dir: /home/swapnilh/pmdk-stuff/libpmemobj-cpp/build/CMakeFiles/CMakeTmp

Run Build Command:"/usr/bin/gmake" "cmTC_4c94d/fast"
/usr/bin/gmake -f CMakeFiles/cmTC_4c94d.dir/build.make CMakeFiles/cmTC_4c94d.dir/build
gmake[1]: Entering directory '/home/swapnilh/pmdk-stuff/libpmemobj-cpp/build/CMakeFiles/CMakeTmp'
Building CXX object CMakeFiles/cmTC_4c94d.dir/src.cxx.o
/usr/bin/c++    -DNO_GCC_VARIADIC_TEMPLATE_BUG --std=c++11 -Wno-error -c   -o CMakeFiles/cmTC_4c94d.dir/src.cxx.o -c /home/swapnilh/pmdk-stuff/libpmemobj-cpp/build/CMakeFiles/CMakeTmp/src.cxx
Linking CXX executable cmTC_4c94d
/usr/bin/cmake -E cmake_link_script CMakeFiles/cmTC_4c94d.dir/link.txt --verbose=1
/usr/bin/c++   -DNO_GCC_VARIADIC_TEMPLATE_BUG --std=c++11 -Wno-error -c    -rdynamic CMakeFiles/cmTC_4c94d.dir/src.cxx.o  -o cmTC_4c94d 
c++: warning: CMakeFiles/cmTC_4c94d.dir/src.cxx.o: linker input file unused because linking not done
gmake[1]: Leaving directory '/home/swapnilh/pmdk-stuff/libpmemobj-cpp/build/CMakeFiles/CMakeTmp'

Source file was:
void print() {}
		template<typename...Args, typename T>
		void print(const T&, const Args &...arg) {
			auto f = [&]{ print(arg...);};
		}
		int main() {
			print(1, 2, 3);
			return 0;
		}
Performing C++ SOURCE FILE Test NO_GCC_AGGREGATE_INITIALIZATION_BUG succeeded with the following output:
Change Dir: /home/swapnilh/pmdk-stuff/libpmemobj-cpp/build/CMakeFiles/CMakeTmp

Run Build Command:"/usr/bin/gmake" "cmTC_488e0/fast"
/usr/bin/gmake -f CMakeFiles/cmTC_488e0.dir/build.make CMakeFiles/cmTC_488e0.dir/build
gmake[1]: Entering directory '/home/swapnilh/pmdk-stuff/libpmemobj-cpp/build/CMakeFiles/CMakeTmp'
Building CXX object CMakeFiles/cmTC_488e0.dir/src.cxx.o
/usr/bin/c++    -DNO_GCC_AGGREGATE_INITIALIZATION_BUG --std=c++11 -Wno-error -c   -o CMakeFiles/cmTC_488e0.dir/src.cxx.o -c /home/swapnilh/pmdk-stuff/libpmemobj-cpp/build/CMakeFiles/CMakeTmp/src.cxx
Linking CXX executable cmTC_488e0
/usr/bin/cmake -E cmake_link_script CMakeFiles/cmTC_488e0.dir/link.txt --verbose=1
/usr/bin/c++   -DNO_GCC_AGGREGATE_INITIALIZATION_BUG --std=c++11 -Wno-error -c    -rdynamic CMakeFiles/cmTC_488e0.dir/src.cxx.o  -o cmTC_488e0 
c++: warning: CMakeFiles/cmTC_488e0.dir/src.cxx.o: linker input file unused because linking not done
gmake[1]: Leaving directory '/home/swapnilh/pmdk-stuff/libpmemobj-cpp/build/CMakeFiles/CMakeTmp'

Source file was:
struct array {
			int data[2];
		};
		struct X {
			array a = { 1, 2 };
		};
		int main() {
			return 0;
		}
Performing C++ SOURCE FILE Test NO_CLANG_TEMPLATE_BUG succeeded with the following output:
Change Dir: /home/swapnilh/pmdk-stuff/libpmemobj-cpp/build/CMakeFiles/CMakeTmp

Run Build Command:"/usr/bin/gmake" "cmTC_cee56/fast"
/usr/bin/gmake -f CMakeFiles/cmTC_cee56.dir/build.make CMakeFiles/cmTC_cee56.dir/build
gmake[1]: Entering directory '/home/swapnilh/pmdk-stuff/libpmemobj-cpp/build/CMakeFiles/CMakeTmp'
Building CXX object CMakeFiles/cmTC_cee56.dir/src.cxx.o
/usr/bin/c++   -I/home/swapnilh/pmdk-stuff/libpmemobj-cpp/tests/../include -I/usr/local/include  -DNO_CLANG_TEMPLATE_BUG --std=c++11 -Wno-error -c   -o CMakeFiles/cmTC_cee56.dir/src.cxx.o -c /home/swapnilh/pmdk-stuff/libpmemobj-cpp/build/CMakeFiles/CMakeTmp/src.cxx
Linking CXX executable cmTC_cee56
/usr/bin/cmake -E cmake_link_script CMakeFiles/cmTC_cee56.dir/link.txt --verbose=1
/usr/bin/c++   -DNO_CLANG_TEMPLATE_BUG --std=c++11 -Wno-error -c    -rdynamic CMakeFiles/cmTC_cee56.dir/src.cxx.o  -o cmTC_cee56 
c++: warning: CMakeFiles/cmTC_cee56.dir/src.cxx.o: linker input file unused because linking not done
gmake[1]: Leaving directory '/home/swapnilh/pmdk-stuff/libpmemobj-cpp/build/CMakeFiles/CMakeTmp'

Source file was:
#include <libpmemobj++/make_persistent_array.hpp>
		using namespace pmem::obj;
		int main() {
			delete_persistent<int[][3]>(make_persistent<int[][3]>(2), 2);
			return 0;
		}
Performing C++ SOURCE FILE Test NO_CHRONO_BUG succeeded with the following output:
Change Dir: /home/swapnilh/pmdk-stuff/libpmemobj-cpp/build/CMakeFiles/CMakeTmp

Run Build Command:"/usr/bin/gmake" "cmTC_c01dd/fast"
/usr/bin/gmake -f CMakeFiles/cmTC_c01dd.dir/build.make CMakeFiles/cmTC_c01dd.dir/build
gmake[1]: Entering directory '/home/swapnilh/pmdk-stuff/libpmemobj-cpp/build/CMakeFiles/CMakeTmp'
Building CXX object CMakeFiles/cmTC_c01dd.dir/src.cxx.o
/usr/bin/c++   -I/home/swapnilh/pmdk-stuff/libpmemobj-cpp/tests/../include -I/usr/local/include  -DNO_CHRONO_BUG --std=c++11 -Wno-error -include future   -o CMakeFiles/cmTC_c01dd.dir/src.cxx.o -c /home/swapnilh/pmdk-stuff/libpmemobj-cpp/build/CMakeFiles/CMakeTmp/src.cxx
Linking CXX executable cmTC_c01dd
/usr/bin/cmake -E cmake_link_script CMakeFiles/cmTC_c01dd.dir/link.txt --verbose=1
/usr/bin/c++   -DNO_CHRONO_BUG --std=c++11 -Wno-error -include future    -rdynamic CMakeFiles/cmTC_c01dd.dir/src.cxx.o  -o cmTC_c01dd 
gmake[1]: Leaving directory '/home/swapnilh/pmdk-stuff/libpmemobj-cpp/build/CMakeFiles/CMakeTmp'

Source file was:
int main() { return 0; }
Performing C++ SOURCE FILE Test CXX_HAS__Wall succeeded with the following output:
Change Dir: /home/swapnilh/pmdk-stuff/libpmemobj-cpp/build/CMakeFiles/CMakeTmp

Run Build Command:"/usr/bin/gmake" "cmTC_800da/fast"
/usr/bin/gmake -f CMakeFiles/cmTC_800da.dir/build.make CMakeFiles/cmTC_800da.dir/build
gmake[1]: Entering directory '/home/swapnilh/pmdk-stuff/libpmemobj-cpp/build/CMakeFiles/CMakeTmp'
Building CXX object CMakeFiles/cmTC_800da.dir/src.cxx.o
/usr/bin/c++    -DCXX_HAS__Wall   -Wall -o CMakeFiles/cmTC_800da.dir/src.cxx.o -c /home/swapnilh/pmdk-stuff/libpmemobj-cpp/build/CMakeFiles/CMakeTmp/src.cxx
Linking CXX executable cmTC_800da
/usr/bin/cmake -E cmake_link_script CMakeFiles/cmTC_800da.dir/link.txt --verbose=1
/usr/bin/c++   -DCXX_HAS__Wall    -rdynamic CMakeFiles/cmTC_800da.dir/src.cxx.o  -o cmTC_800da 
gmake[1]: Leaving directory '/home/swapnilh/pmdk-stuff/libpmemobj-cpp/build/CMakeFiles/CMakeTmp'

Source file was:
int main() { return 0; }
Performing C++ SOURCE FILE Test CXX_HAS__Wpointer_arith succeeded with the following output:
Change Dir: /home/swapnilh/pmdk-stuff/libpmemobj-cpp/build/CMakeFiles/CMakeTmp

Run Build Command:"/usr/bin/gmake" "cmTC_64cbb/fast"
/usr/bin/gmake -f CMakeFiles/cmTC_64cbb.dir/build.make CMakeFiles/cmTC_64cbb.dir/build
gmake[1]: Entering directory '/home/swapnilh/pmdk-stuff/libpmemobj-cpp/build/CMakeFiles/CMakeTmp'
Building CXX object CMakeFiles/cmTC_64cbb.dir/src.cxx.o
/usr/bin/c++    -Wall -DCXX_HAS__Wpointer_arith   -Wpointer-arith -o CMakeFiles/cmTC_64cbb.dir/src.cxx.o -c /home/swapnilh/pmdk-stuff/libpmemobj-cpp/build/CMakeFiles/CMakeTmp/src.cxx
Linking CXX executable cmTC_64cbb
/usr/bin/cmake -E cmake_link_script CMakeFiles/cmTC_64cbb.dir/link.txt --verbose=1
/usr/bin/c++   -Wall -DCXX_HAS__Wpointer_arith    -rdynamic CMakeFiles/cmTC_64cbb.dir/src.cxx.o  -o cmTC_64cbb 
gmake[1]: Leaving directory '/home/swapnilh/pmdk-stuff/libpmemobj-cpp/build/CMakeFiles/CMakeTmp'

Source file was:
int main() { return 0; }
Performing C++ SOURCE FILE Test CXX_HAS__Wunused_macros succeeded with the following output:
Change Dir: /home/swapnilh/pmdk-stuff/libpmemobj-cpp/build/CMakeFiles/CMakeTmp

Run Build Command:"/usr/bin/gmake" "cmTC_d640f/fast"
/usr/bin/gmake -f CMakeFiles/cmTC_d640f.dir/build.make CMakeFiles/cmTC_d640f.dir/build
gmake[1]: Entering directory '/home/swapnilh/pmdk-stuff/libpmemobj-cpp/build/CMakeFiles/CMakeTmp'
Building CXX object CMakeFiles/cmTC_d640f.dir/src.cxx.o
/usr/bin/c++    -Wall -Wpointer-arith -DCXX_HAS__Wunused_macros   -Wunused-macros -o CMakeFiles/cmTC_d640f.dir/src.cxx.o -c /home/swapnilh/pmdk-stuff/libpmemobj-cpp/build/CMakeFiles/CMakeTmp/src.cxx
Linking CXX executable cmTC_d640f
/usr/bin/cmake -E cmake_link_script CMakeFiles/cmTC_d640f.dir/link.txt --verbose=1
/usr/bin/c++   -Wall -Wpointer-arith -DCXX_HAS__Wunused_macros    -rdynamic CMakeFiles/cmTC_d640f.dir/src.cxx.o  -o cmTC_d640f 
gmake[1]: Leaving directory '/home/swapnilh/pmdk-stuff/libpmemobj-cpp/build/CMakeFiles/CMakeTmp'

Source file was:
int main() { return 0; }
Performing C++ SOURCE FILE Test CXX_HAS__Wsign_conversion succeeded with the following output:
Change Dir: /home/swapnilh/pmdk-stuff/libpmemobj-cpp/build/CMakeFiles/CMakeTmp

Run Build Command:"/usr/bin/gmake" "cmTC_90725/fast"
/usr/bin/gmake -f CMakeFiles/cmTC_90725.dir/build.make CMakeFiles/cmTC_90725.dir/build
gmake[1]: Entering directory '/home/swapnilh/pmdk-stuff/libpmemobj-cpp/build/CMakeFiles/CMakeTmp'
Building CXX object CMakeFiles/cmTC_90725.dir/src.cxx.o
/usr/bin/c++    -Wall -Wpointer-arith -Wunused-macros -DCXX_HAS__Wsign_conversion   -Wsign-conversion -o CMakeFiles/cmTC_90725.dir/src.cxx.o -c /home/swapnilh/pmdk-stuff/libpmemobj-cpp/build/CMakeFiles/CMakeTmp/src.cxx
Linking CXX executable cmTC_90725
/usr/bin/cmake -E cmake_link_script CMakeFiles/cmTC_90725.dir/link.txt --verbose=1
/usr/bin/c++   -Wall -Wpointer-arith -Wunused-macros -DCXX_HAS__Wsign_conversion    -rdynamic CMakeFiles/cmTC_90725.dir/src.cxx.o  -o cmTC_90725 
gmake[1]: Leaving directory '/home/swapnilh/pmdk-stuff/libpmemobj-cpp/build/CMakeFiles/CMakeTmp'

Source file was:
int main() { return 0; }
Performing C++ SOURCE FILE Test CXX_HAS__Wsign_compare succeeded with the following output:
Change Dir: /home/swapnilh/pmdk-stuff/libpmemobj-cpp/build/CMakeFiles/CMakeTmp

Run Build Command:"/usr/bin/gmake" "cmTC_550d2/fast"
/usr/bin/gmake -f CMakeFiles/cmTC_550d2.dir/build.make CMakeFiles/cmTC_550d2.dir/build
gmake[1]: Entering directory '/home/swapnilh/pmdk-stuff/libpmemobj-cpp/build/CMakeFiles/CMakeTmp'
Building CXX object CMakeFiles/cmTC_550d2.dir/src.cxx.o
/usr/bin/c++    -Wall -Wpointer-arith -Wunused-macros -Wsign-conversion -DCXX_HAS__Wsign_compare   -Wsign-compare -o CMakeFiles/cmTC_550d2.dir/src.cxx.o -c /home/swapnilh/pmdk-stuff/libpmemobj-cpp/build/CMakeFiles/CMakeTmp/src.cxx
Linking CXX executable cmTC_550d2
/usr/bin/cmake -E cmake_link_script CMakeFiles/cmTC_550d2.dir/link.txt --verbose=1
/usr/bin/c++   -Wall -Wpointer-arith -Wunused-macros -Wsign-conversion -DCXX_HAS__Wsign_compare    -rdynamic CMakeFiles/cmTC_550d2.dir/src.cxx.o  -o cmTC_550d2 
gmake[1]: Leaving directory '/home/swapnilh/pmdk-stuff/libpmemobj-cpp/build/CMakeFiles/CMakeTmp'

Source file was:
int main() { return 0; }
Performing C++ SOURCE FILE Test CXX_HAS__fno_common succeeded with the following output:
Change Dir: /home/swapnilh/pmdk-stuff/libpmemobj-cpp/build/CMakeFiles/CMakeTmp

Run Build Command:"/usr/bin/gmake" "cmTC_cb9ab/fast"
/usr/bin/gmake -f CMakeFiles/cmTC_cb9ab.dir/build.make CMakeFiles/cmTC_cb9ab.dir/build
gmake[1]: Entering directory '/home/swapnilh/pmdk-stuff/libpmemobj-cpp/build/CMakeFiles/CMakeTmp'
Building CXX object CMakeFiles/cmTC_cb9ab.dir/src.cxx.o
/usr/bin/c++    -Wall -Wpointer-arith -Wunused-macros -Wsign-conversion -Wsign-compare -DCXX_HAS__fno_common   -fno-common -o CMakeFiles/cmTC_cb9ab.dir/src.cxx.o -c /home/swapnilh/pmdk-stuff/libpmemobj-cpp/build/CMakeFiles/CMakeTmp/src.cxx
Linking CXX executable cmTC_cb9ab
/usr/bin/cmake -E cmake_link_script CMakeFiles/cmTC_cb9ab.dir/link.txt --verbose=1
/usr/bin/c++   -Wall -Wpointer-arith -Wunused-macros -Wsign-conversion -Wsign-compare -DCXX_HAS__fno_common    -rdynamic CMakeFiles/cmTC_cb9ab.dir/src.cxx.o  -o cmTC_cb9ab 
gmake[1]: Leaving directory '/home/swapnilh/pmdk-stuff/libpmemobj-cpp/build/CMakeFiles/CMakeTmp'

Source file was:
int main() { return 0; }
Performing C++ SOURCE FILE Test CXX_HAS__ggdb succeeded with the following output:
Change Dir: /home/swapnilh/pmdk-stuff/libpmemobj-cpp/build/CMakeFiles/CMakeTmp

Run Build Command:"/usr/bin/gmake" "cmTC_f6a74/fast"
/usr/bin/gmake -f CMakeFiles/cmTC_f6a74.dir/build.make CMakeFiles/cmTC_f6a74.dir/build
gmake[1]: Entering directory '/home/swapnilh/pmdk-stuff/libpmemobj-cpp/build/CMakeFiles/CMakeTmp'
Building CXX object CMakeFiles/cmTC_f6a74.dir/src.cxx.o
/usr/bin/c++    -Wall -Wpointer-arith -Wunused-macros -Wsign-conversion -Wsign-compare -fno-common -DCXX_HAS__ggdb   -ggdb -o CMakeFiles/cmTC_f6a74.dir/src.cxx.o -c /home/swapnilh/pmdk-stuff/libpmemobj-cpp/build/CMakeFiles/CMakeTmp/src.cxx
Linking CXX executable cmTC_f6a74
/usr/bin/cmake -E cmake_link_script CMakeFiles/cmTC_f6a74.dir/link.txt --verbose=1
/usr/bin/c++   -Wall -Wpointer-arith -Wunused-macros -Wsign-conversion -Wsign-compare -fno-common -DCXX_HAS__ggdb    -rdynamic CMakeFiles/cmTC_f6a74.dir/src.cxx.o  -o cmTC_f6a74 
gmake[1]: Leaving directory '/home/swapnilh/pmdk-stuff/libpmemobj-cpp/build/CMakeFiles/CMakeTmp'

Source file was:
int main() { return 0; }
Performing C++ SOURCE FILE Test CXX_HAS__DDEBUG succeeded with the following output:
Change Dir: /home/swapnilh/pmdk-stuff/libpmemobj-cpp/build/CMakeFiles/CMakeTmp

Run Build Command:"/usr/bin/gmake" "cmTC_662c9/fast"
/usr/bin/gmake -f CMakeFiles/cmTC_662c9.dir/build.make CMakeFiles/cmTC_662c9.dir/build
gmake[1]: Entering directory '/home/swapnilh/pmdk-stuff/libpmemobj-cpp/build/CMakeFiles/CMakeTmp'
Building CXX object CMakeFiles/cmTC_662c9.dir/src.cxx.o
/usr/bin/c++  -DDEBUG  -Wall -Wpointer-arith -Wunused-macros -Wsign-conversion -Wsign-compare -fno-common -DCXX_HAS__DDEBUG   -o CMakeFiles/cmTC_662c9.dir/src.cxx.o -c /home/swapnilh/pmdk-stuff/libpmemobj-cpp/build/CMakeFiles/CMakeTmp/src.cxx
Linking CXX executable cmTC_662c9
/usr/bin/cmake -E cmake_link_script CMakeFiles/cmTC_662c9.dir/link.txt --verbose=1
/usr/bin/c++   -Wall -Wpointer-arith -Wunused-macros -Wsign-conversion -Wsign-compare -fno-common -DCXX_HAS__DDEBUG    -rdynamic CMakeFiles/cmTC_662c9.dir/src.cxx.o  -o cmTC_662c9 
gmake[1]: Leaving directory '/home/swapnilh/pmdk-stuff/libpmemobj-cpp/build/CMakeFiles/CMakeTmp'

Source file was:
int main() { return 0; }
Performing C++ SOURCE FILE Test CXX_HAS__U_FORTIFY_SOURCE__D_FORTIFY_SOURCE_2 succeeded with the following output:
Change Dir: /home/swapnilh/pmdk-stuff/libpmemobj-cpp/build/CMakeFiles/CMakeTmp

Run Build Command:"/usr/bin/gmake" "cmTC_1ecea/fast"
/usr/bin/gmake -f CMakeFiles/cmTC_1ecea.dir/build.make CMakeFiles/cmTC_1ecea.dir/build
gmake[1]: Entering directory '/home/swapnilh/pmdk-stuff/libpmemobj-cpp/build/CMakeFiles/CMakeTmp'
Building CXX object CMakeFiles/cmTC_1ecea.dir/src.cxx.o
/usr/bin/c++  -D_FORTIFY_SOURCE=2  -Wall -Wpointer-arith -Wunused-macros -Wsign-conversion -Wsign-compare -fno-common -DCXX_HAS__U_FORTIFY_SOURCE__D_FORTIFY_SOURCE_2   -U_FORTIFY_SOURCE -o CMakeFiles/cmTC_1ecea.dir/src.cxx.o -c /home/swapnilh/pmdk-stuff/libpmemobj-cpp/build/CMakeFiles/CMakeTmp/src.cxx
Linking CXX executable cmTC_1ecea
/usr/bin/cmake -E cmake_link_script CMakeFiles/cmTC_1ecea.dir/link.txt --verbose=1
/usr/bin/c++   -Wall -Wpointer-arith -Wunused-macros -Wsign-conversion -Wsign-compare -fno-common -DCXX_HAS__U_FORTIFY_SOURCE__D_FORTIFY_SOURCE_2    -rdynamic CMakeFiles/cmTC_1ecea.dir/src.cxx.o  -o cmTC_1ecea 
gmake[1]: Leaving directory '/home/swapnilh/pmdk-stuff/libpmemobj-cpp/build/CMakeFiles/CMakeTmp'

Source file was:
int main() { return 0; }
Performing C++ SOURCE FILE Test NO_CLANG_BRACE_INITIALIZATION_NEWEXPR_BUG succeeded with the following output:
Change Dir: /home/swapnilh/pmdk-stuff/libpmemobj-cpp/build/CMakeFiles/CMakeTmp

Run Build Command:"/usr/bin/gmake" "cmTC_4c0ac/fast"
gmake[1]: Entering directory '/home/swapnilh/pmdk-stuff/libpmemobj-cpp/build/CMakeFiles/CMakeTmp'
/usr/bin/gmake -f CMakeFiles/cmTC_4c0ac.dir/build.make CMakeFiles/cmTC_4c0ac.dir/build
gmake[2]: Entering directory '/home/swapnilh/pmdk-stuff/libpmemobj-cpp/build/CMakeFiles/CMakeTmp'
Building CXX object CMakeFiles/cmTC_4c0ac.dir/src.cxx.o
/usr/bin/c++    -DNO_CLANG_BRACE_INITIALIZATION_NEWEXPR_BUG --std=c++11 -Wno-error   -o CMakeFiles/cmTC_4c0ac.dir/src.cxx.o -c /home/swapnilh/pmdk-stuff/libpmemobj-cpp/build/CMakeFiles/CMakeTmp/src.cxx
Linking CXX executable cmTC_4c0ac
/usr/bin/cmake -E cmake_link_script CMakeFiles/cmTC_4c0ac.dir/link.txt --verbose=1
/usr/bin/c++   -DNO_CLANG_BRACE_INITIALIZATION_NEWEXPR_BUG --std=c++11 -Wno-error    -rdynamic CMakeFiles/cmTC_4c0ac.dir/src.cxx.o  -o cmTC_4c0ac 
gmake[2]: Leaving directory '/home/swapnilh/pmdk-stuff/libpmemobj-cpp/build/CMakeFiles/CMakeTmp'
gmake[1]: Leaving directory '/home/swapnilh/pmdk-stuff/libpmemobj-cpp/build/CMakeFiles/CMakeTmp'

Source file was:
template<typename T>
		struct A {
			 A() {};
			~A() {};
		};
		struct B {
			A<int> a;
			A<int> b;
		};
		int main() {
			new B{};
			return 0;
		}
Performing C++ SOURCE FILE Test MAX_ALIGN_TYPE_EXISTS succeeded with the following output:
Change Dir: /home/swapnilh/pmdk-stuff/libpmemobj-cpp/build/CMakeFiles/CMakeTmp

Run Build Command:"/usr/bin/gmake" "cmTC_893c7/fast"
gmake[1]: Entering directory '/home/swapnilh/pmdk-stuff/libpmemobj-cpp/build/CMakeFiles/CMakeTmp'
/usr/bin/gmake -f CMakeFiles/cmTC_893c7.dir/build.make CMakeFiles/cmTC_893c7.dir/build
gmake[2]: Entering directory '/home/swapnilh/pmdk-stuff/libpmemobj-cpp/build/CMakeFiles/CMakeTmp'
Building CXX object CMakeFiles/cmTC_893c7.dir/src.cxx.o
/usr/bin/c++   -I/home/swapnilh/pmdk-stuff/libpmemobj-cpp/tests/../include -I/usr/local/include  -DMAX_ALIGN_TYPE_EXISTS --std=c++11 -c   -o CMakeFiles/cmTC_893c7.dir/src.cxx.o -c /home/swapnilh/pmdk-stuff/libpmemobj-cpp/build/CMakeFiles/CMakeTmp/src.cxx
Linking CXX executable cmTC_893c7
/usr/bin/cmake -E cmake_link_script CMakeFiles/cmTC_893c7.dir/link.txt --verbose=1
/usr/bin/c++   -DMAX_ALIGN_TYPE_EXISTS --std=c++11 -c    -rdynamic CMakeFiles/cmTC_893c7.dir/src.cxx.o  -o cmTC_893c7 
c++: warning: CMakeFiles/cmTC_893c7.dir/src.cxx.o: linker input file unused because linking not done
gmake[2]: Leaving directory '/home/swapnilh/pmdk-stuff/libpmemobj-cpp/build/CMakeFiles/CMakeTmp'
gmake[1]: Leaving directory '/home/swapnilh/pmdk-stuff/libpmemobj-cpp/build/CMakeFiles/CMakeTmp'

Source file was:
#include <cstddef>
	int main() {
	    std::max_align_t var;
	    return 0;
	}
